2023-08-23T13:38:16.864Z INFO  1 --- [main][tenantService] c.r.o.t.TenantserviceApplication : Starting TenantserviceApplication v0.0.1-SNAPSHOT using Java 17.0.2 with PID 1 (/odi-tenant-service.jar started by root in /)
2023-08-23T13:38:16.868Z DEBUG 1 --- [main][tenantService] c.r.o.t.TenantserviceApplication : Running with Spring Boot v3.0.6, Spring v6.0.8
2023-08-23T13:38:16.871Z INFO  1 --- [main][tenantService] c.r.o.t.TenantserviceApplication : The following 2 profiles are active:"local", "temp"
2023-08-23T13:38:19.097Z INFO  1 --- [main][tenantService] o.s.d.r.c.RepositoryConfigurationDelegate : Bootstrapping Spring Data JPA repositories in DEFAULT mode.
2023-08-23T13:38:19.393Z INFO  1 --- [main][tenantService] o.s.d.r.c.RepositoryConfigurationDelegate : Finished Spring Data repository scanning in 279 ms. Found 1 JPA repository interfaces.
023-08-23T13:38:19.905Z INFO  1 --- [main][tenantService] o.s.cloud.context.scope.GenericScope : BeanFactory id=a96f0eda-e04a-3142-9d24-e79b5fbb44cb
2023-08-23T13:38:20.054Z INFO  1 --- [main][tenantService] o.s.c.s.PostProcessorRegistrationDelegate$BeanPostProcessorChecker : Bean 'com.raonsecure.odi.tenantservice.feign.DaServiceFeign' of type [org.springframework.cloud.openfeign.FeignClientFactoryBean] is not eligible for getting processed by all BeanPostProcessors (for example: not eligible for auto-proxying)
2023-08-23T13:38:20.060Z INFO  1 --- [main][tenantService] o.s.c.s.PostProcessorRegistrationDelegate$BeanPostProcessorChecker : Bean 'com.raonsecure.odi.tenantservice.feign.KycEmailFeign' of type [org.springframework.cloud.openfeign.FeignClientFactoryBean] is not eligible for getting processed by allBeanPostProcessors (for example: not eligible for auto-proxying)
2023-08-23T13:38:20.063Z INFO  1 --- [main][tenantService] o.s.c.s.PostProcessorRegistrationDelegate$BeanPostProcessorChecker : Bean 'com.raonsecure.odi.tenantservice.feign.KycMobileFeign' of type [org.springframework.cloud.openfeign.FeignClientFactoryBean] is not eligible for getting processed by all BeanPostProcessors (for example: not eligible for auto-proxying)
2023-08-23T13:38:20.068Z INFO  1 --- [main][tenantService] o.s.c.s.PostProcessorRegistrationDelegate$BeanPostProcessorChecker : Bean 'com.raonsecure.odi.tenantservice.feign.LogServiceFeign' of type [org.springframework.cloud.openfeign.FeignClientFactoryBean] is not eligible for getting processed by all BeanPostProcessors (for example: not eligible for auto-proxying)
2023-08-23T13:38:20.071Z INFO  1 --- [main][tenantService] o.s.c.s.PostProcessorRegistrationDelegate$BeanPostProcessorChecker : Bean 'com.raonsecure.odi.tenantservice.feign.NotiServiceFeign' of type [org.springframework.cloud.openfeign.FeignClientFactoryBean] is not eligible for getting processed by all BeanPostProcessors (for example: not eligible for auto-proxying)
2023-08-23T13:38:20.077Z INFO  1 --- [main][tenantService] o.s.c.s.PostProcessorRegistrationDelegate$BeanPostProcessorChecker : Bean 'com.raonsecure.odi.tenantservice.feign.WalletServiceFeign' of type [org.springframework.cloud.openfeign.FeignClientFactoryBean] is not eligible for getting processed by all BeanPostProcessors (for example: not eligible for auto-proxying)
2023-08-23T13:38:20.965Z INFO  1 --- [main][tenantService] o.s.b.w.embedded.tomcat.TomcatWebServer : Tomcat initialized with port(s): 18021 (http)
2023-08-23T13:38:20.982Z INFO  1 --- [main][tenantService] o.apache.coyote.http11.Http11NioProtocol : Initializing ProtocolHandler["http-nio-18021"]
2023-08-23T13:38:20.983Z INFO  1 --- [main][tenantService] o.apache.catalina.core.StandardService : Starting service [Tomcat]
2023-08-23T13:38:20.984Z INFO  1 --- [main][tenantService] org.apache.catalina.core.StandardEngine : Starting Servlet engine: [Apache Tomcat/10.1.8]
2023-08-23T13:38:21.185Z INFO  1 --- [main][tenantService] o.a.c.c.C.[Tomcat].[localhost].[/] : Initializing Spring embedded WebApplicationContext
2023-08-23T13:38:21.188Z INFO  1 --- [main][tenantService] o.s.b.w.s.c.ServletWebServerApplicationContext : Root WebApplicationContext: initialization completed in 4244 ms
2023-08-23T13:38:22.193Z INFO  1 --- [main][tenantService] com.zaxxer.hikari.HikariDataSource : HikariPool-1 - Starting...
2023-08-23T13:38:22.552Z INFO  1 --- [main][tenantService] com.zaxxer.hikari.pool.HikariPool : HikariPool-1 - Added connection org.mariadb.jdbc.Connection@515ebef3
2023-08-23T13:38:22.569Z INFO  1 --- [main][tenantService] com.zaxxer.hikari.HikariDataSource : HikariPool-1 - Start completed.
2023-08-23T13:38:23.077Z INFO  1 --- [main][tenantService] liquibase.lockservice : Successfully acquired change log lock
2023-08-23T13:38:23.827Z INFO  1 --- [main][tenantService] liquibase.changelog : Reading from baseDatabase.DATABASECHANGELOG
2023-08-23T13:38:23.932Z INFO  1 --- [main][tenantService] liquibase.lockservice : Successfully released change log lock
2023-08-23T13:38:24.072Z INFO  1 --- [main][tenantService] o.hibernate.jpa.internal.util.LogHelper : HHH000204: Processing PersistenceUnitInfo [name: default]
2023-08-23T13:38:24.135Z INFO  1 --- [main][tenantService] org.hibernate.Version : HHH000412: Hibernate ORM core version 6.1.7.Final
2023-08-23T13:38:24.609Z INFO  1 --- [main][tenantService] SQL dialect : HHH000400: Using dialect: org.hibernate.dialect.MariaDBDialect
2023-08-23T13:38:25.844Z INFO  1 --- [main][tenantService] o.h.e.t.j.p.i.JtaPlatformInitiator : HHH000490: Using JtaPlatform implementation: [org.hibernate.engine.transaction.jta.platform.internal.NoJtaPlatform]
2023-08-23T13:38:25.857Z INFO  1 --- [main][tenantService] o.s.o.j.LocalContainerEntityManagerFactoryBean : Initialized JPA EntityManagerFactory for persistence unit 'default'
2023-08-23T13:38:28.681Z WARN  1 --- [main][tenantService] o.s.c.l.c.LoadBalancerCacheAutoConfiguration$LoadBalancerCaffeineWarnLogger : Spring Cloud LoadBalancer is currently working with the default cache. While this cache implementation is useful for development and tests, it's recommended to use Caffeine cache in production.You can switch to using Caffeine cache, by adding it and org.springframework.cache.caffeine.CaffeineCacheManager to the classpath.
2023-08-23T13:38:28.703Z INFO  1 --- [main][tenantService] o.s.b.a.e.web.EndpointLinksResolver : Exposing 1 endpoint(s) beneath base path '/actuator'
2023-08-23T13:38:28.815Z INFO  1 --- [main][tenantService] o.apache.coyote.http11.Http11NioProtocol : Starting ProtocolHandler ["http-nio-18021"]
2023-08-23T13:38:28.836Z INFO  1 --- [main][tenantService] o.s.b.w.embedded.tomcat.TomcatWebServer : Tomcat started on port(s): 18021 (http) with context path ''
2023-08-23T13:38:28.862Z INFO  1 --- [main][tenantService] c.r.o.t.TenantserviceApplication : Started TenantserviceApplication in 13.641 seconds (process running for 15.128)
2023-08-23T13:38:31.670Z INFO  1 --- [http-nio-18021-exec-1][tenantService] o.a.c.c.C.[Tomcat].[localhost].[/] : Initializing Spring DispatcherServlet 'dispatcherServlet'
2023-08-23T13:38:31.671Z INFO  1 --- [http-nio-18021-exec-1][tenantService] o.s.web.servlet.DispatcherServlet : Initializing Servlet 'dispatcherServlet'
2023-08-23T13:38:31.674Z INFO  1 --- [http-nio-18021-exec-1][tenantService] o.s.web.servlet.DispatcherServlet : Completed initialization in 3 ms
2023-08-23T13:39:53.662Z INFO  1 --- [http-nio-18021-exec-4][tenantService] c.r.o.t.aop.RequestLogAspects : tenantService - TestController.chain - Start
Hibernate:
   select
        t1_0.id,
        t1_0.data
    from
         test_table t1_0
   where
        t1_0.id=?
2023-08-23T13:39:53.857Z INFO  1 --- [http-nio-18021-exec-4][tenantService] c.r.o.t.aop.RequestLogAspects : tenantService - TestController.chain - Finish
2023-08-23T13:39:58.309Z INFO  1 --- [http-nio-18021-exec-10][tenantService] c.r.o.t.aop.RequestLogAspects : tenantService - TestController.start - Start
Hibernate:
    select
        t1_0.id,
        t1_0.data
    from
        test_table t1_0
    where
        t1_0.id=?
2023-08-23T13:39:58.319Z INFO  1 --- [http-nio-18021-exec-10][tenantService] c.r.o.tenantservice.test.TestController : DB Test : TestTable(id=999, data=testData)
2023-08-23T13:39:58.325Z INFO  1 --- [http-nio-18021-exec-10][tenantService] c.r.o.tenantservice.aop.FeignLogAspects : tenantService - jdk.proxy2.$Proxy143.chain - Start
2023-08-23T13:39:58.366Z INFO  1 --- [http-nio-18021-exec-10][tenantService] c.r.o.tenantservice.aop.FeignLogAspects : tenantService - jdk.proxy2.$Proxy143.chain - Finish
2023-08-23T13:39:58.367Z INFO  1 --- [http-nio-18021-exec-10][tenantService] c.r.o.tenantservice.aop.FeignLogAspects : tenantService - jdk.proxy2.$Proxy145.chain - Start
2023-08-23T13:40:08.390Z ERROR 1 --- [http-nio-18021-exec-10][tenantService] o.a.c.c.C.[.[.[/].[dispatcherServlet] : Servlet.service() for servlet [dispatcherServlet] in context with path [] threw exception [Request processing failed: feign.RetryableException: Connect timed out executing GET http://odi-tenant-wallet-service.inraondevops.com:18022/test/chain] with root cause
java.net.SocketTimeoutException: Connect timed out
        at java.base/sun.nio.ch.NioSocketImpl.timedFinishConnect(NioSocketImpl.java:546)
        at java.base/sun.nio.ch.NioSocketImpl.connect(NioSocketImpl.java:597)
        at java.base/java.net.Socket.connect(Socket.java:633)
        at java.base/sun.net.NetworkClient.doConnect(NetworkClient.java:178)
        at java.base/sun.net.www.http.HttpClient.openServer(HttpClient.java:498)
        at java.base/sun.net.www.http.HttpClient.openServer(HttpClient.java:603)
        at java.base/sun.net.www.http.HttpClient.<init>(HttpClient.java:246)
        at java.base/sun.net.www.http.HttpClient.New(HttpClient.java:351)
        at java.base/sun.net.www.http.HttpClient.New(HttpClient.java:373)
        at java.base/sun.net.www.protocol.http.HttpURLConnection.getNewHttpClient(HttpURLConnection.java:1309)
        at java.base/sun.net.www.protocol.http.HttpURLConnection.plainConnect0(HttpURLConnection.java:1242)
        at java.base/sun.net.www.protocol.http.HttpURLConnection.plainConnect(HttpURLConnection.java:1128)
        at java.base/sun.net.www.protocol.http.HttpURLConnection.connect(HttpURLConnection.java:1057)
        at java.base/sun.net.www.protocol.http.HttpURLConnection.getInputStream0(HttpURLConnection.java:1665)
        at java.base/sun.net.www.protocol.http.HttpURLConnection.getInputStream(HttpURLConnection.java:1589)
        at java.base/java.net.HttpURLConnection.getResponseCode(HttpURLConnection.java:529)
        at feign.Client$Default.convertResponse(Client.java:110)
        at feign.Client$Default.execute(Client.java:106)
        at feign.SynchronousMethodHandler.executeAndDecode(SynchronousMethodHandler.java:102)
        at feign.SynchronousMethodHandler.invoke(SynchronousMethodHandler.java:72)
        at feign.ReflectiveFeign$FeignInvocationHandler.invoke(ReflectiveFeign.java:98)
        at jdk.proxy2/jdk.proxy2.$Proxy145.chain(Unknown Source)
 at java.base/jdk.internal.reflect.NativeMethodAccessorImpl.invoke0(Native Method)
        at java.base/jdk.internal.reflect.NativeMethodAccessorImpl.invoke(NativeMethodAccessorImpl.java:77)
        at java.base/jdk.internal.reflect.DelegatingMethodAccessorImpl.invoke(DelegatingMethodAccessorImpl.java:43)
        at java.base/java.lang.reflect.Method.invoke(Method.java:568)
        at org.springframework.aop.support.AopUtils.invokeJoinpointUsingReflection(AopUtils.java:343)
        at org.springframework.aop.framework.ReflectiveMethodInvocation.invokeJoinpoint(ReflectiveMethodInvocation.java:196)
        at org.springframework.aop.framework.ReflectiveMethodInvocation.proceed(ReflectiveMethodInvocation.java:163)
 at org.springframework.aop.aspectj.MethodInvocationProceedingJoinPoint.proceed(MethodInvocationProceedingJoinPoint.java:89)
        at com.raonsecure.odi.tenantservice.aop.FeignLogAspects.requestChecker(FeignLogAspects.java:23)
 at java.base/jdk.internal.reflect.NativeMethodAccessorImpl.invoke0(Native Method)
 at java.base/jdk.internal.reflect.NativeMethodAccessorImpl.invoke(NativeMethodAccessorImpl.java:77)
        at java.base/jdk.internal.reflect.DelegatingMethodAccessorImpl.invoke(DelegatingMethodAccessorImpl.java:43)
        at java.base/java.lang.reflect.Method.invoke(Method.java:568)
        at org.springframework.aop.aspectj.AbstractAspectJAdvice.invokeAdviceMethodWithGivenArgs(AbstractAspectJAdvice.java:637)
 at org.springframework.aop.aspectj.AbstractAspectJAdvice.invokeAdviceMethod(AbstractAspectJAdvice.java:627)
        at org.springframework.aop.aspectj.AspectJAroundAdvice.invoke(AspectJAroundAdvice.java:71)
        at org.springframework.aop.framework.ReflectiveMethodInvocation.proceed(ReflectiveMethodInvocation.java:184)
        at org.springframework.aop.interceptor.ExposeInvocationInterceptor.invoke(ExposeInvocationInterceptor.java:97)
        at org.springframework.aop.framework.ReflectiveMethodInvocation.proceed(ReflectiveMethodInvocation.java:184)
        at org.springframework.aop.framework.JdkDynamicAopProxy.invoke(JdkDynamicAopProxy.java:223)
        at jdk.proxy2/jdk.proxy2.$Proxy146.chain(Unknown Source)
        at java.base/java.util.stream.ReferencePipeline$3$1.accept(ReferencePipeline.java:197)
        at java.base/java.util.AbstractList$RandomAccessSpliterator.forEachRemaining(AbstractList.java:720)
        at java.base/java.util.stream.AbstractPipeline.copyInto(AbstractPipeline.java:509)
 at java.base/java.util.stream.AbstractPipeline.wrapAndCopyInto(AbstractPipeline.java:499)
        at java.base/java.util.stream.ForEachOps$ForEachOp.evaluateSequential(ForEachOps.java:150)
        at java.base/java.util.stream.ForEachOps$ForEachOp$OfRef.evaluateSequential(ForEachOps.java:173)
        at java.base/java.util.stream.AbstractPipeline.evaluate(AbstractPipeline.java:234)
        at java.base/java.util.stream.ReferencePipeline.forEach(ReferencePipeline.java:596)
        at com.raonsecure.odi.tenantservice.test.TestController.chainCall(TestController.java:71)
        at com.raonsecure.odi.tenantservice.test.TestController.start(TestController.java:60)
        at java.base/jdk.internal.reflect.NativeMethodAccessorImpl.invoke0(Native Method)
        at java.base/jdk.internal.reflect.NativeMethodAccessorImpl.invoke(NativeMethodAccessorImpl.java:77)
        at java.base/jdk.internal.reflect.DelegatingMethodAccessorImpl.invoke(DelegatingMethodAccessorImpl.java:43)
 at java.base/java.lang.reflect.Method.invoke(Method.java:568)
        at org.springframework.aop.support.AopUtils.invokeJoinpointUsingReflection(AopUtils.java:343)
        at org.springframework.aop.framework.ReflectiveMethodInvocation.invokeJoinpoint(ReflectiveMethodInvocation.java:196)
        at org.springframework.aop.framework.ReflectiveMethodInvocation.proceed(ReflectiveMethodInvocation.java:163)
        at org.springframework.aop.framework.CglibAopProxy$CglibMethodInvocation.proceed(CglibAopProxy.java:750)
        at org.springframework.aop.aspectj.MethodInvocationProceedingJoinPoint.proceed(MethodInvocationProceedingJoinPoint.java:89)
        at com.raonsecure.odi.tenantservice.aop.RequestLogAspects.requestChecker(RequestLogAspects.java:23)
        at java.base/jdk.internal.reflect.NativeMethodAccessorImpl.invoke0(Native Method)
        at java.base/jdk.internal.reflect.NativeMethodAccessorImpl.invoke(NativeMethodAccessorImpl.java:77)
        at java.base/jdk.internal.reflect.DelegatingMethodAccessorImpl.invoke(DelegatingMethodAccessorImpl.java:43)
        at java.base/java.lang.reflect.Method.invoke(Method.java:568)
        at org.springframework.aop.aspectj.AbstractAspectJAdvice.invokeAdviceMethodWithGivenArgs(AbstractAspectJAdvice.java:637)
        at org.springframework.aop.aspectj.AbstractAspectJAdvice.invokeAdviceMethod(AbstractAspectJAdvice.java:627)
        at org.springframework.aop.aspectj.AspectJAroundAdvice.invoke(AspectJAroundAdvice.java:71)
        at org.springframework.aop.framework.ReflectiveMethodInvocation.proceed(ReflectiveMethodInvocation.java:184)
 at org.springframework.aop.framework.CglibAopProxy$CglibMethodInvocation.proceed(CglibAopProxy.java:750)
        at org.springframework.aop.interceptor.ExposeInvocationInterceptor.invoke(ExposeInvocationInterceptor.java:97)
        at org.springframework.aop.framework.ReflectiveMethodInvocation.proceed(ReflectiveMethodInvocation.java:184)
 at org.springframework.aop.framework.CglibAopProxy$CglibMethodInvocation.proceed(CglibAopProxy.java:750)
        at org.springframework.aop.framework.CglibAopProxy$DynamicAdvisedInterceptor.intercept(CglibAopProxy.java:702)
        at com.raonsecure.odi.tenantservice.test.TestController$$SpringCGLIB$$0.start(<generated>)
        at java.base/jdk.internal.reflect.NativeMethodAccessorImpl.invoke0(Native Method)
 at java.base/jdk.internal.reflect.NativeMethodAccessorImpl.invoke(NativeMethodAccessorImpl.java:77)
 at java.base/jdk.internal.reflect.DelegatingMethodAccessorImpl.invoke(DelegatingMethodAccessorImpl.java:43)
        at java.base/java.lang.reflect.Method.invoke(Method.java:568)
        at org.springframework.web.method.support.InvocableHandlerMethod.doInvoke(InvocableHandlerMethod.java:207)
        at org.springframework.web.method.support.InvocableHandlerMethod.invokeForRequest(InvocableHandlerMethod.java:152)
        at org.springframework.web.servlet.mvc.method.annotation.ServletInvocableHandlerMethod.invokeAndHandle(ServletInvocableHandlerMethod.java:118)
        at org.springframework.web.servlet.mvc.method.annotation.RequestMappingHandlerAdapter.invokeHandlerMethod(RequestMappingHandlerAdapter.java:884)
        at org.springframework.web.servlet.mvc.method.annotation.RequestMappingHandlerAdapter.handleInternal(RequestMappingHandlerAdapter.java:797)
 at org.springframework.web.servlet.mvc.method.AbstractHandlerMethodAdapter.handle(AbstractHandlerMethodAdapter.java:87)
        at org.springframework.web.servlet.DispatcherServlet.doDispatch(DispatcherServlet.java:1081)
 at org.springframework.web.servlet.DispatcherServlet.doService(DispatcherServlet.java:974)
        at org.springframework.web.servlet.FrameworkServlet.processRequest(FrameworkServlet.java:1011)
        at org.springframework.web.servlet.FrameworkServlet.doGet(FrameworkServlet.java:903)
        at jakarta.servlet.http.HttpServlet.service(HttpServlet.java:564)
        at org.springframework.web.servlet.FrameworkServlet.service(FrameworkServlet.java:885)
        at jakarta.servlet.http.HttpServlet.service(HttpServlet.java:658)
        at org.apache.catalina.core.ApplicationFilterChain.internalDoFilter(ApplicationFilterChain.java:205)
        at org.apache.catalina.core.ApplicationFilterChain.doFilter(ApplicationFilterChain.java:149)
        at org.apache.tomcat.websocket.server.WsFilter.doFilter(WsFilter.java:51)
        at org.apache.catalina.core.ApplicationFilterChain.internalDoFilter(ApplicationFilterChain.java:174)
        at org.apache.catalina.core.ApplicationFilterChain.doFilter(ApplicationFilterChain.java:149)
        at org.springframework.web.filter.RequestContextFilter.doFilterInternal(RequestContextFilter.java:100)
        at org.springframework.web.filter.OncePerRequestFilter.doFilter(OncePerRequestFilter.java:116)
        at org.apache.catalina.core.ApplicationFilterChain.internalDoFilter(ApplicationFilterChain.java:174)
        at org.apache.catalina.core.ApplicationFilterChain.doFilter(ApplicationFilterChain.java:149)
        at org.springframework.web.filter.FormContentFilter.doFilterInternal(FormContentFilter.java:93)
        at org.springframework.web.filter.OncePerRequestFilter.doFilter(OncePerRequestFilter.java:116)
        at org.apache.catalina.core.ApplicationFilterChain.internalDoFilter(ApplicationFilterChain.java:174)
        at org.apache.catalina.core.ApplicationFilterChain.doFilter(ApplicationFilterChain.java:149)
        at org.springframework.web.filter.ServerHttpObservationFilter.doFilterInternal(ServerHttpObservationFilter.java:109)
        at org.springframework.web.filter.OncePerRequestFilter.doFilter(OncePerRequestFilter.java:116)
        at org.apache.catalina.core.ApplicationFilterChain.internalDoFilter(ApplicationFilterChain.java:174)
        at org.apache.catalina.core.ApplicationFilterChain.doFilter(ApplicationFilterChain.java:149)
        at org.springframework.web.filter.CharacterEncodingFilter.doFilterInternal(CharacterEncodingFilter.java:201)
        at org.springframework.web.filter.OncePerRequestFilter.doFilter(OncePerRequestFilter.java:116)
 at org.apache.catalina.core.ApplicationFilterChain.internalDoFilter(ApplicationFilterChain.java:174)
 at org.apache.catalina.core.ApplicationFilterChain.doFilter(ApplicationFilterChain.java:149)
 at org.apache.catalina.core.StandardWrapperValve.invoke(StandardWrapperValve.java:166)
        at org.apache.catalina.core.StandardContextValve.invoke(StandardContextValve.java:90)
        at org.apache.catalina.authenticator.AuthenticatorBase.invoke(AuthenticatorBase.java:482)
        at org.apache.catalina.core.StandardHostValve.invoke(StandardHostValve.java:115)
        at org.apache.catalina.valves.ErrorReportValve.invoke(ErrorReportValve.java:93)
        at org.apache.catalina.core.StandardEngineValve.invoke(StandardEngineValve.java:74)
        at org.apache.catalina.valves.RemoteIpValve.invoke(RemoteIpValve.java:738)
 at org.apache.catalina.connector.CoyoteAdapter.service(CoyoteAdapter.java:341)
        at org.apache.coyote.http11.Http11Processor.service(Http11Processor.java:390)
        at org.apache.coyote.AbstractProcessorLight.process(AbstractProcessorLight.java:63)
        at org.apache.coyote.AbstractProtocol$ConnectionHandler.process(AbstractProtocol.java:894)
        at org.apache.tomcat.util.net.NioEndpoint$SocketProcessor.doRun(NioEndpoint.java:1741)
        at org.apache.tomcat.util.net.SocketProcessorBase.run(SocketProcessorBase.java:52)
        at org.apache.tomcat.util.threads.ThreadPoolExecutor.runWorker(ThreadPoolExecutor.java:1191)
        at org.apache.tomcat.util.threads.ThreadPoolExecutor$Worker.run(ThreadPoolExecutor.java:659)
        at org.apache.tomcat.util.threads.TaskThread$WrappingRunnable.run(TaskThread.java:61)
        at java.base/java.lang.Thread.run(Thread.java:833)
2023-08-23T13:43:35.598Z INFO  1 --- [http-nio-18021-exec-5][tenantService] c.r.o.t.aop.RequestLogAspects : tenantService - TestController.start - Start
Hibernate:
     select
         t1_0.id,
        t1_0.data
     from
         test_table t1_0
     where
        t1_0.id=?
2023-08-23T13:43:35.611Z INFO  1 --- [http-nio-18021-exec-5][tenantService] c.r.o.tenantservice.test.TestController : DB Test : TestTable(id=999, data=testData)
2023-08-23T13:43:35.615Z INFO  1 --- [http-nio-18021-exec-5][tenantService] c.r.o.tenantservice.aop.FeignLogAspects : tenantService - jdk.proxy2.$Proxy143.chain - Start
2023-08-23T13:43:35.631Z INFO  1 --- [http-nio-18021-exec-5][tenantService] c.r.o.tenantservice.aop.FeignLogAspects : tenantService - jdk.proxy2.$Proxy143.chain - Finish
2023-08-23T13:43:35.631Z INFO  1 --- [http-nio-18021-exec-5][tenantService] c.r.o.tenantservice.aop.FeignLogAspects : tenantService - jdk.proxy2.$Proxy145.chain - Start
2023-08-23T13:43:35.783Z INFO  1 --- [http-nio-18021-exec-5][tenantService] c.r.o.tenantservice.aop.FeignLogAspects : tenantService - jdk.proxy2.$Proxy145.chain - Finish
2023-08-23T13:43:35.787Z INFO  1 --- [http-nio-18021-exec-5][tenantService] c.r.o.tenantservice.aop.FeignLogAspects : tenantService - jdk.proxy2.$Proxy147.chain - Start
2023-08-23T13:43:35.801Z INFO  1 --- [http-nio-18021-exec-5][tenantService] c.r.o.tenantservice.aop.FeignLogAspects : tenantService - jdk.proxy2.$Proxy147.chain - Finish
2023-08-23T13:43:35.802Z INFO  1 --- [http-nio-18021-exec-5][tenantService] c.r.o.tenantservice.aop.FeignLogAspects : tenantService - jdk.proxy2.$Proxy149.chain - Start
2023-08-23T13:43:35.938Z INFO  1 --- [http-nio-18021-exec-5][tenantService] c.r.o.tenantservice.aop.FeignLogAspects : tenantService - jdk.proxy2.$Proxy149.chain - Finish
2023-08-23T13:43:35.939Z INFO  1 --- [http-nio-18021-exec-5][tenantService] c.r.o.tenantservice.aop.FeignLogAspects : tenantService - jdk.proxy2.$Proxy151.chain - Start
2023-08-23T13:43:36.083Z INFO  1 --- [http-nio-18021-exec-5][tenantService] c.r.o.tenantservice.aop.FeignLogAspects : tenantService - jdk.proxy2.$Proxy151.chain - Finish
2023-08-23T13:43:36.084Z INFO  1 --- [http-nio-18021-exec-5][tenantService] c.r.o.tenantservice.aop.FeignLogAspects : tenantService - jdk.proxy2.$Proxy153.chain - Start
2023-08-23T13:43:36.115Z INFO  1 --- [http-nio-18021-exec-5][tenantService] c.r.o.tenantservice.aop.FeignLogAspects : tenantService - jdk.proxy2.$Proxy153.chain - Finish
2023-08-23T13:43:36.116Z INFO  1 --- [http-nio-18021-exec-5][tenantService] c.r.o.t.aop.RequestLogAspects : tenantService - TestController.start - Finish
2023-08-23T13:53:02.347Z INFO  1 --- [http-nio-18021-exec-2][tenantService] c.r.o.t.aop.RequestLogAspects : tenantService - TestController.start - Start
Hibernate:
    select
        t1_0.id,
        t1_0.data
    from
        test_table t1_0
    where
        t1_0.id=?
2023-08-23T13:53:02.361Z INFO  1 --- [http-nio-18021-exec-2][tenantService] c.r.o.tenantservice.test.TestController : DB Test : TestTable(id=999, data=testData)
2023-08-23T13:53:02.366Z INFO  1 --- [http-nio-18021-exec-2][tenantService] c.r.o.tenantservice.aop.FeignLogAspects : tenantService - jdk.proxy2.$Proxy143.chain - Start
2023-08-23T13:53:02.387Z INFO  1 --- [http-nio-18021-exec-2][tenantService] c.r.o.tenantservice.aop.FeignLogAspects : tenantService - jdk.proxy2.$Proxy143.chain - Finish
2023-08-23T13:53:02.391Z INFO  1 --- [http-nio-18021-exec-2][tenantService] c.r.o.tenantservice.aop.FeignLogAspects : tenantService - jdk.proxy2.$Proxy145.chain - Start
2023-08-23T13:53:02.423Z INFO  1 --- [http-nio-18021-exec-2][tenantService] c.r.o.tenantservice.aop.FeignLogAspects : tenantService - jdk.proxy2.$Proxy145.chain - Finish
2023-08-23T13:53:02.426Z INFO  1 --- [http-nio-18021-exec-2][tenantService] c.r.o.tenantservice.aop.FeignLogAspects : tenantService - jdk.proxy2.$Proxy147.chain - Start
2023-08-23T13:53:02.446Z INFO  1 --- [http-nio-18021-exec-2][tenantService] c.r.o.tenantservice.aop.FeignLogAspects : tenantService - jdk.proxy2.$Proxy147.chain - Finish
2023-08-23T13:53:02.448Z INFO  1 --- [http-nio-18021-exec-2][tenantService] c.r.o.tenantservice.aop.FeignLogAspects : tenantService - jdk.proxy2.$Proxy149.chain - Start
2023-08-23T13:53:02.473Z INFO  1 --- [http-nio-18021-exec-2][tenantService] c.r.o.tenantservice.aop.FeignLogAspects : tenantService- jdk.proxy2.$Proxy149.chain - Finish
2023-08-23T13:53:02.473Z INFO  1 --- [http-nio-18021-exec-2][tenantService] c.r.o.tenantservice.aop.FeignLogAspects : tenantService - jdk.proxy2.$Proxy151.chain - Start
2023-08-23T13:53:02.498Z INFO  1 --- [http-nio-18021-exec-2][tenantService] c.r.o.tenantservice.aop.FeignLogAspects : tenantService - jdk.proxy2.$Proxy151.chain - Finish
2023-08-23T13:53:02.499Z INFO  1 --- [http-nio-18021-exec-2][tenantService] c.r.o.tenantservice.aop.FeignLogAspects : tenantService - jdk.proxy2.$Proxy153.chain - Start
2023-08-23T13:53:02.533Z INFO  1 --- [http-nio-18021-exec-2][tenantService] c.r.o.tenantservice.aop.FeignLogAspects : tenantService - jdk.proxy2.$Proxy153.chain - Finish
2023-08-23T13:53:02.536Z INFO  1 --- [http-nio-18021-exec-2][tenantService] c.r.o.t.aop.RequestLogAspects : tenantService - TestController.start - Finish
2023-08-23T13:58:47.236Z INFO  1 --- [http-nio-18021-exec-2][tenantService] c.r.o.t.aop.RequestLogAspects : tenantService - TestController.start - Start
Hibernate:
    select
        t1_0.id,
        t1_0.data
    from
        test_table t1_0
    where
        t1_0.id=?
2023-08-23T13:58:47.248Z INFO  1 --- [http-nio-18021-exec-2][tenantService] c.r.o.tenantservice.test.TestController : DB Test : TestTable(id=999, data=testData)
2023-08-23T13:58:47.252Z INFO  1 --- [http-nio-18021-exec-2][tenantService] c.r.o.tenantservice.aop.FeignLogAspects : tenantService - jdk.proxy2.$Proxy143.chain - Start
2023-08-23T13:58:47.289Z INFO  1 --- [http-nio-18021-exec-2][tenantService] c.r.o.tenantservice.aop.FeignLogAspects : tenantService - jdk.proxy2.$Proxy143.chain - Finish
2023-08-23T13:58:47.292Z INFO  1 --- [http-nio-18021-exec-2][tenantService] c.r.o.tenantservice.aop.FeignLogAspects : tenantService - jdk.proxy2.$Proxy145.chain - Start
2023-08-23T13:58:47.319Z INFO  1 --- [http-nio-18021-exec-2][tenantService] c.r.o.tenantservice.aop.FeignLogAspects : tenantService - jdk.proxy2.$Proxy145.chain - Finish
2023-08-23T13:58:47.321Z INFO  1 --- [http-nio-18021-exec-2][tenantService] c.r.o.tenantservice.aop.FeignLogAspects : tenantService - jdk.proxy2.$Proxy147.chain - Start
2023-08-23T13:58:47.339Z INFO  1 --- [http-nio-18021-exec-2][tenantService] c.r.o.tenantservice.aop.FeignLogAspects : tenantService - jdk.proxy2.$Proxy147.chain - Finish
2023-08-23T13:58:47.341Z INFO  1 --- [http-nio-18021-exec-2][tenantService] c.r.o.tenantservice.aop.FeignLogAspects : tenantService - jdk.proxy2.$Proxy149.chain - Start
2023-08-23T13:58:47.366Z INFO  1 --- [http-nio-18021-exec-2][tenantService] c.r.o.tenantservice.aop.FeignLogAspects : tenantService - jdk.proxy2.$Proxy149.chain - Finish
2023-08-23T13:58:47.367Z INFO  1 --- [http-nio-18021-exec-2][tenantService] c.r.o.tenantservice.aop.FeignLogAspects : tenantService- jdk.proxy2.$Proxy151.chain - Start
2023-08-23T13:58:47.389Z INFO  1 --- [http-nio-18021-exec-2][tenantService] c.r.o.tenantservice.aop.FeignLogAspects : tenantService - jdk.proxy2.$Proxy151.chain - Finish
2023-08-23T13:58:47.390Z INFO  1 --- [http-nio-18021-exec-2][tenantService] c.r.o.tenantservice.aop.FeignLogAspects : tenantService - jdk.proxy2.$Proxy153.chain - Start
2023-08-23T13:58:47.413Z INFO  1 --- [http-nio-18021-exec-2][tenantService] c.r.o.tenantservice.aop.FeignLogAspects : tenantService - jdk.proxy2.$Proxy153.chain - Finish
2023-08-23T13:58:47.414Z INFO  1 --- [http-nio-18021-exec-2][tenantService] c.r.o.t.aop.RequestLogAspects : tenantService - TestController.start - Finish
2023-08-23T13:59:23.572Z INFO  1 --- [http-nio-18021-exec-5][tenantService] c.r.o.t.aop.RequestLogAspects : tenantService - TestController.start - Start
Hibernate:
    select
        t1_0.id,
        t1_0.data
   from
        test_table t1_0
    where
        t1_0.id=?
2023-08-23T13:59:23.583Z INFO  1 --- [http-nio-18021-exec-5][tenantService] c.r.o.tenantservice.test.TestController : DB Test : TestTable(id=999, data=testData)
2023-08-23T13:59:23.587Z INFO  1 --- [http-nio-18021-exec-5][tenantService] c.r.o.tenantservice.aop.FeignLogAspects : tenantService - jdk.proxy2.$Proxy143.chain - Start
2023-08-23T13:59:23.618Z INFO  1 --- [http-nio-18021-exec-5][tenantService] c.r.o.tenantservice.aop.FeignLogAspects : tenantService - jdk.proxy2.$Proxy143.chain - Finish
2023-08-23T13:59:23.618Z INFO  1 --- [http-nio-18021-exec-5][tenantService] c.r.o.tenantservice.aop.FeignLogAspects : tenantService - jdk.proxy2.$Proxy145.chain - Start
2023-08-23T13:59:23.646Z INFO  1 --- [http-nio-18021-exec-5][tenantService] c.r.o.tenantservice.aop.FeignLogAspects : tenantService - jdk.proxy2.$Proxy145.chain - Finish
2023-08-23T13:59:23.647Z INFO  1 --- [http-nio-18021-exec-5][tenantService] c.r.o.tenantservice.aop.FeignLogAspects : tenantService- jdk.proxy2.$Proxy147.chain - Start
2023-08-23T13:59:23.653Z INFO  1 --- [http-nio-18021-exec-5][tenantService] c.r.o.tenantservice.aop.FeignLogAspects : tenantService- jdk.proxy2.$Proxy147.chain - Finish
2023-08-23T13:59:23.654Z INFO  1 --- [http-nio-18021-exec-5][tenantService] c.r.o.tenantservice.aop.FeignLogAspects : tenantService - jdk.proxy2.$Proxy149.chain - Start
2023-08-23T13:59:23.669Z INFO  1 --- [http-nio-18021-exec-5][tenantService] c.r.o.tenantservice.aop.FeignLogAspects : tenantService - jdk.proxy2.$Proxy149.chain - Finish
2023-08-23T13:59:23.669Z INFO  1 --- [http-nio-18021-exec-5][tenantService] c.r.o.tenantservice.aop.FeignLogAspects : tenantService - jdk.proxy2.$Proxy151.chain - Start
2023-08-23T13:59:23.683Z INFO  1 --- [http-nio-18021-exec-5][tenantService] c.r.o.tenantservice.aop.FeignLogAspects : tenantService - jdk.proxy2.$Proxy151.chain - Finish
2023-08-23T13:59:23.683Z INFO  1 --- [http-nio-18021-exec-5][tenantService] c.r.o.tenantservice.aop.FeignLogAspects : tenantService - jdk.proxy2.$Proxy153.chain - Start
2023-08-23T13:59:23.697Z INFO  1 --- [http-nio-18021-exec-5][tenantService] c.r.o.tenantservice.aop.FeignLogAspects : tenantService - jdk.proxy2.$Proxy153.chain - Finish
2023-08-23T13:59:23.697Z INFO  1 --- [http-nio-18021-exec-5][tenantService] c.r.o.t.aop.RequestLogAspects : tenantService - TestController.start - Finish
2023-08-23T13:59:25.051Z INFO  1 --- [http-nio-18021-exec-9][tenantService] c.r.o.t.aop.RequestLogAspects : tenantService - TestController.start - Start
Hibernate:
     select
         t1_0.id,
         t1_0.data
     from
         test_table t1_0
     where
        t1_0.id=?
2023-08-23T13:59:25.061Z INFO  1 --- [http-nio-18021-exec-9][tenantService] c.r.o.tenantservice.test.TestController : DB Test : TestTable(id=999, data=testData)
2023-08-23T13:59:25.064Z INFO  1 --- [http-nio-18021-exec-9][tenantService] c.r.o.tenantservice.aop.FeignLogAspects : tenantService - jdk.proxy2.$Proxy143.chain - Start
2023-08-23T13:59:25.086Z INFO  1 --- [http-nio-18021-exec-9][tenantService] c.r.o.tenantservice.aop.FeignLogAspects : tenantService - jdk.proxy2.$Proxy143.chain - Finish
2023-08-23T13:59:25.087Z INFO  1 --- [http-nio-18021-exec-9][tenantService] c.r.o.tenantservice.aop.FeignLogAspects : tenantService - jdk.proxy2.$Proxy145.chain - Start
2023-08-23T13:59:25.110Z INFO  1 --- [http-nio-18021-exec-9][tenantService] c.r.o.tenantservice.aop.FeignLogAspects : tenantService - jdk.proxy2.$Proxy145.chain - Finish
2023-08-23T13:59:25.111Z INFO  1 --- [http-nio-18021-exec-9][tenantService] c.r.o.tenantservice.aop.FeignLogAspects : tenantService - jdk.proxy2.$Proxy147.chain - Start
2023-08-23T13:59:25.119Z INFO  1 --- [http-nio-18021-exec-9][tenantService] c.r.o.tenantservice.aop.FeignLogAspects : tenantService- jdk.proxy2.$Proxy147.chain - Finish
2023-08-23T13:59:25.119Z INFO  1 --- [http-nio-18021-exec-9][tenantService] c.r.o.tenantservice.aop.FeignLogAspects : tenantService - jdk.proxy2.$Proxy149.chain - Start
2023-08-23T13:59:25.133Z INFO  1 --- [http-nio-18021-exec-9][tenantService] c.r.o.tenantservice.aop.FeignLogAspects : tenantService - jdk.proxy2.$Proxy149.chain - Finish
2023-08-23T13:59:25.135Z INFO  1 --- [http-nio-18021-exec-9][tenantService] c.r.o.tenantservice.aop.FeignLogAspects : tenantService - jdk.proxy2.$Proxy151.chain - Start
2023-08-23T13:59:25.147Z INFO  1 --- [http-nio-18021-exec-9][tenantService] c.r.o.tenantservice.aop.FeignLogAspects : tenantService- jdk.proxy2.$Proxy151.chain - Finish
2023-08-23T13:59:25.148Z INFO  1 --- [http-nio-18021-exec-9][tenantService] c.r.o.tenantservice.aop.FeignLogAspects : tenantService - jdk.proxy2.$Proxy153.chain - Start
2023-08-23T13:59:25.162Z INFO  1 --- [http-nio-18021-exec-9][tenantService] c.r.o.tenantservice.aop.FeignLogAspects : tenantService - jdk.proxy2.$Proxy153.chain - Finish
2023-08-23T13:59:25.162Z INFO  1 --- [http-nio-18021-exec-9][tenantService] c.r.o.t.aop.RequestLogAspects : tenantService - TestController.start - Finish
2023-08-23T13:59:59.899Z INFO  1 --- [http-nio-18021-exec-3][tenantService] c.r.o.t.aop.RequestLogAspects : tenantService - TestController.start - Start
Hibernate:
    select
        t1_0.id,
        t1_0.data
    from
        test_table t1_0
    where
       t1_0.id=?
2023-08-23T13:59:59.911Z INFO  1 --- [http-nio-18021-exec-3][tenantService] c.r.o.tenantservice.test.TestController : DB Test : TestTable(id=999, data=testData)
2023-08-23T13:59:59.917Z INFO  1 --- [http-nio-18021-exec-3][tenantService] c.r.o.tenantservice.aop.FeignLogAspects : tenantService - jdk.proxy2.$Proxy143.chain - Start
2023-08-23T13:59:59.926Z INFO  1 --- [http-nio-18021-exec-3][tenantService] c.r.o.tenantservice.aop.FeignLogAspects : tenantService- jdk.proxy2.$Proxy143.chain - Finish
2023-08-23T13:59:59.927Z INFO  1 --- [http-nio-18021-exec-3][tenantService] c.r.o.tenantservice.aop.FeignLogAspects : tenantService - jdk.proxy2.$Proxy145.chain - Start
2023-08-23T13:59:59.945Z INFO  1 --- [http-nio-18021-exec-3][tenantService] c.r.o.tenantservice.aop.FeignLogAspects : tenantService - jdk.proxy2.$Proxy145.chain - Finish
2023-08-23T13:59:59.948Z INFO  1 --- [http-nio-18021-exec-3][tenantService] c.r.o.tenantservice.aop.FeignLogAspects : tenantService - jdk.proxy2.$Proxy147.chain - Start
2023-08-23T13:59:59.952Z INFO  1 --- [http-nio-18021-exec-3][tenantService] c.r.o.tenantservice.aop.FeignLogAspects : tenantService - jdk.proxy2.$Proxy147.chain - Finish
2023-08-23T13:59:59.953Z INFO  1 --- [http-nio-18021-exec-3][tenantService] c.r.o.tenantservice.aop.FeignLogAspects : tenantService - jdk.proxy2.$Proxy149.chain - Start
2023-08-23T13:59:59.965Z INFO  1 --- [http-nio-18021-exec-3][tenantService] c.r.o.tenantservice.aop.FeignLogAspects : tenantService- jdk.proxy2.$Proxy149.chain - Finish
2023-08-23T13:59:59.966Z INFO  1 --- [http-nio-18021-exec-3][tenantService] c.r.o.tenantservice.aop.FeignLogAspects : tenantService - jdk.proxy2.$Proxy151.chain - Start
2023-08-23T13:59:59.980Z INFO  1 --- [http-nio-18021-exec-3][tenantService] c.r.o.tenantservice.aop.FeignLogAspects : tenantService - jdk.proxy2.$Proxy151.chain - Finish
2023-08-23T13:59:59.980Z INFO  1 --- [http-nio-18021-exec-3][tenantService] c.r.o.tenantservice.aop.FeignLogAspects : tenantService - jdk.proxy2.$Proxy153.chain - Start
2023-08-23T13:59:59.991Z INFO  1 --- [http-nio-18021-exec-3][tenantService] c.r.o.tenantservice.aop.FeignLogAspects : tenantService - jdk.proxy2.$Proxy153.chain - Finish
2023-08-23T13:59:59.996Z INFO  1 --- [http-nio-18021-exec-3][tenantService] c.r.o.t.aop.RequestLogAspects : tenantService - TestController.start - Finish
2023-08-23T14:00:01.042Z INFO  1 --- [http-nio-18021-exec-10][tenantService] c.r.o.t.aop.RequestLogAspects : tenantService - TestController.start - Start
Hibernate:
   select
        t1_0.id,
        t1_0.data
    from
        test_table t1_0
    where
        t1_0.id=?
2023-08-23T14:00:01.058Z INFO  1 --- [http-nio-18021-exec-10][tenantService] c.r.o.tenantservice.test.TestController : DB Test : TestTable(id=999, data=testData)
2023-08-23T14:00:01.068Z INFO  1 --- [http-nio-18021-exec-10][tenantService] c.r.o.tenantservice.aop.FeignLogAspects : tenantService - jdk.proxy2.$Proxy143.chain - Start
2023-08-23T14:00:01.091Z INFO  1 --- [http-nio-18021-exec-10][tenantService] c.r.o.tenantservice.aop.FeignLogAspects : tenantService - jdk.proxy2.$Proxy143.chain - Finish
2023-08-23T14:00:01.094Z INFO  1 --- [http-nio-18021-exec-10][tenantService] c.r.o.tenantservice.aop.FeignLogAspects : tenantService - jdk.proxy2.$Proxy145.chain - Start
2023-08-23T14:00:01.133Z INFO  1 --- [http-nio-18021-exec-10][tenantService] c.r.o.tenantservice.aop.FeignLogAspects : tenantService - jdk.proxy2.$Proxy145.chain - Finish
2023-08-23T14:00:01.133Z INFO  1 --- [http-nio-18021-exec-10][tenantService] c.r.o.tenantservice.aop.FeignLogAspects : tenantService - jdk.proxy2.$Proxy147.chain - Start
2023-08-23T14:00:01.139Z INFO  1 --- [http-nio-18021-exec-10][tenantService] c.r.o.tenantservice.aop.FeignLogAspects : tenantService - jdk.proxy2.$Proxy147.chain - Finish
2023-08-23T14:00:01.139Z INFO  1 --- [http-nio-18021-exec-10][tenantService] c.r.o.tenantservice.aop.FeignLogAspects : tenantService - jdk.proxy2.$Proxy149.chain - Start
2023-08-23T14:00:01.162Z INFO  1 --- [http-nio-18021-exec-10][tenantService] c.r.o.tenantservice.aop.FeignLogAspects : tenantService - jdk.proxy2.$Proxy149.chain - Finish
2023-08-23T14:00:01.162Z INFO  1 --- [http-nio-18021-exec-10][tenantService] c.r.o.tenantservice.aop.FeignLogAspects : tenantService - jdk.proxy2.$Proxy151.chain - Start
2023-08-23T14:00:01.177Z INFO  1 --- [http-nio-18021-exec-10][tenantService] c.r.o.tenantservice.aop.FeignLogAspects : tenantService - jdk.proxy2.$Proxy151.chain - Finish
2023-08-23T14:00:01.177Z INFO  1 --- [http-nio-18021-exec-10][tenantService] c.r.o.tenantservice.aop.FeignLogAspects : tenantService - jdk.proxy2.$Proxy153.chain - Start
2023-08-23T14:00:01.191Z INFO  1 --- [http-nio-18021-exec-10][tenantService] c.r.o.tenantservice.aop.FeignLogAspects : tenantService - jdk.proxy2.$Proxy153.chain - Finish
2023-08-23T14:00:01.191Z INFO  1 --- [http-nio-18021-exec-10][tenantService] c.r.o.t.aop.RequestLogAspects : tenantService - TestController.start - Finish
2023-08-23T14:00:11.209Z INFO  1 --- [http-nio-18021-exec-4][tenantService] c.r.o.t.aop.RequestLogAspects : tenantService - TestController.chain - Start
Hibernate:
    select
       t1_0.id,
        t1_0.data
    from
        test_table t1_0
   where
        t1_0.id=?
2023-08-23T14:00:11.230Z INFO  1 --- [http-nio-18021-exec-4][tenantService] c.r.o.t.aop.RequestLogAspects : tenantService - TestController.chain - Finish
2023-08-23T14:18:40.890Z INFO  1 --- [http-nio-18021-exec-6][tenantService] c.r.o.t.aop.RequestLogAspects : tenantService - TestController.chain - Start
Hibernate:
    select
       t1_0.id,
        t1_0.data
     from
        test_table t1_0
    where
        t1_0.id=?
2023-08-23T14:18:40.907Z INFO  1 --- [http-nio-18021-exec-6][tenantService] c.r.o.t.aop.RequestLogAspects : tenantService - TestController.chain - Finish
2023-08-23T14:19:24.621Z INFO  1 --- [http-nio-18021-exec-7][tenantService] c.r.o.t.aop.RequestLogAspects : tenantService - TestController.chain - Start
Hibernate:
    select
        t1_0.id,
        t1_0.data
    from
        test_table t1_0
    where
        t1_0.id=?
2023-08-23T14:19:24.630Z INFO  1 --- [http-nio-18021-exec-7][tenantService] c.r.o.t.aop.RequestLogAspects : tenantService - TestController.chain - Finish
2023-08-23T14:19:25.488Z INFO  1 --- [http-nio-18021-exec-1][tenantService] c.r.o.t.aop.RequestLogAspects : tenantService - TestController.chain - Start
Hibernate:
    select
       t1_0.id,
        t1_0.data
    from
        test_table t1_0
    where
        t1_0.id=?
2023-08-23T14:19:25.497Z INFO  1 --- [http-nio-18021-exec-1][tenantService] c.r.o.t.aop.RequestLogAspects : tenantService - TestController.chain - Finish
2023-08-23T14:19:26.071Z INFO  1 --- [http-nio-18021-exec-3][tenantService] c.r.o.t.aop.RequestLogAspects : tenantService - TestController.chain - Start
Hibernate:
     select
         t1_0.id,
         t1_0.data
     from
         test_table t1_0
     where
         t1_0.id=?
2023-08-23T14:19:26.087Z INFO  1 --- [http-nio-18021-exec-3][tenantService] c.r.o.t.aop.RequestLogAspects : tenantService - TestController.chain - Finish
2023-08-23T14:21:02.226Z INFO  1 --- [http-nio-18021-exec-6][tenantService] c.r.o.t.aop.RequestLogAspects : tenantService - TestController.chain - Start
Hibernate:
    select
        t1_0.id,
        t1_0.data
    from
        test_table t1_0
    where
        t1_0.id=?
2023-08-23T14:21:02.243Z INFO  1 --- [http-nio-18021-exec-6][tenantService] c.r.o.t.aop.RequestLogAspects : tenantService - TestController.chain - Finish
2023-08-23T14:21:02.686Z INFO  1 --- [http-nio-18021-exec-9][tenantService] c.r.o.t.aop.RequestLogAspects : tenantService - TestController.chain - Start
Hibernate:
     select
         t1_0.id,
         t1_0.data
     from
         test_table t1_0
     where
         t1_0.id=?
2023-08-23T14:21:02.697Z INFO  1 --- [http-nio-18021-exec-9][tenantService] c.r.o.t.aop.RequestLogAspects : tenantService - TestController.chain - Finish
2023-08-23T14:21:02.831Z INFO  1 --- [http-nio-18021-exec-8][tenantService] c.r.o.t.aop.RequestLogAspects : tenantService - TestController.chain - Start
Hibernate:
    select
        t1_0.id,
        t1_0.data
    from
        test_table t1_0
    where
        t1_0.id=?
2023-08-23T14:21:02.840Z INFO  1 --- [http-nio-18021-exec-8][tenantService] c.r.o.t.aop.RequestLogAspects : tenantService - TestController.chain - Finish
2023-08-23T14:21:15.527Z INFO  1 --- [http-nio-18021-exec-8][tenantService] c.r.o.t.aop.RequestLogAspects : tenantService - TestController.chain - Start
Hibernate:
    select
        t1_0.id,
        t1_0.data
    from
        test_table t1_0
   where
        t1_0.id=?
2023-08-23T14:21:15.540Z INFO  1 --- [http-nio-18021-exec-8][tenantService] c.r.o.t.aop.RequestLogAspects : tenantService - TestController.chain - Finish
2023-08-23T14:26:39.974Z INFO  1 --- [http-nio-18021-exec-5][tenantService] c.r.o.t.aop.RequestLogAspects : tenantService - TestController.chain - Start
Hibernate:
    select
        t1_0.id,
       t1_0.data
    from
        test_table t1_0
    where
        t1_0.id=?
2023-08-23T14:26:39.985Z INFO  1 --- [http-nio-18021-exec-5][tenantService] c.r.o.t.aop.RequestLogAspects : tenantService - TestController.chain - Finish
2023-08-24T01:09:11.468Z INFO  1 --- [http-nio-18021-exec-6][tenantService] c.r.o.t.aop.RequestLogAspects : tenantService - TestController.chain - Start
Hibernate:
    select
        t1_0.id,
        t1_0.data
    from
        test_table t1_0
    where
        t1_0.id=?
2023-08-24T01:09:11.478Z INFO  1 --- [http-nio-18021-exec-6][tenantService] c.r.o.t.aop.RequestLogAspects : tenantService - TestController.chain - Finish
2023-08-24T01:10:04.898Z INFO  1 --- [http-nio-18021-exec-4][tenantService] c.r.o.t.aop.RequestLogAspects : tenantService - TestController.chain - Start
Hibernate:
    select
        t1_0.id,
        t1_0.data
    from
        test_table t1_0
    where
       t1_0.id=?
2023-08-24T01:10:04.910Z INFO  1 --- [http-nio-18021-exec-4][tenantService] c.r.o.t.aop.RequestLogAspects : tenantService - TestController.chain - Finish