2023-08-23T13:38:16.867784561Z stdout F 2023-08-23T13:38:16.864Z INFO  1 --- [main][tenantService] c.r.o.t.TenantserviceApplication : Starting TenantserviceApplication v0.0.1-SNAPSHOT using Java 17.0.2 with PID 1 (/odi-tenant-service.jar started by root in /)
2023-08-23T13:38:16.868440582Z stdout F 2023-08-23T13:38:16.868Z DEBUG 1 --- [main][tenantService] c.r.o.t.TenantserviceApplication : Running with Spring Boot v3.0.6, Spring v6.0.8
2023-08-23T13:38:16.871791767Z stdout F 2023-08-23T13:38:16.871Z INFO  1 --- [main][tenantService] c.r.o.t.TenantserviceApplication : The following 2 profiles are active:"local", "temp"
2023-08-23T13:38:19.098140667Z stdout F 2023-08-23T13:38:19.097Z INFO  1 --- [main][tenantService] o.s.d.r.c.RepositoryConfigurationDelegate : Bootstrapping Spring Data JPA repositories in DEFAULT mode.
2023-08-23T13:38:19.393661015Z stdout F 2023-08-23T13:38:19.393Z INFO  1 --- [main][tenantService] o.s.d.r.c.RepositoryConfigurationDelegate : Finished Spring Data repository scanning in 279 ms. Found 1 JPA repository interfaces.
2023-08-23T13:38:19.90577496Z stdout F 2023-08-23T13:38:19.905Z INFO  1 --- [main][tenantService] o.s.cloud.context.scope.GenericScope : BeanFactory id=a96f0eda-e04a-3142-9d24-e79b5fbb44cb
2023-08-23T13:38:20.055278137Z stdout F 2023-08-23T13:38:20.054Z INFO  1 --- [main][tenantService] o.s.c.s.PostProcessorRegistrationDelegate$BeanPostProcessorChecker : Bean 'com.raonsecure.odi.tenantservice.feign.DaServiceFeign' of type [org.springframework.cloud.openfeign.FeignClientFactoryBean] is not eligible for getting processed by all BeanPostProcessors (for example: not eligible for auto-proxying)
2023-08-23T13:38:20.060660139Z stdout F 2023-08-23T13:38:20.060Z INFO  1 --- [main][tenantService] o.s.c.s.PostProcessorRegistrationDelegate$BeanPostProcessorChecker : Bean 'com.raonsecure.odi.tenantservice.feign.KycEmailFeign' of type [org.springframework.cloud.openfeign.FeignClientFactoryBean] is not eligible for getting processed by allBeanPostProcessors (for example: not eligible for auto-proxying)
2023-08-23T13:38:20.063777662Z stdout F 2023-08-23T13:38:20.063Z INFO  1 --- [main][tenantService] o.s.c.s.PostProcessorRegistrationDelegate$BeanPostProcessorChecker : Bean 'com.raonsecure.odi.tenantservice.feign.KycMobileFeign' of type [org.springframework.cloud.openfeign.FeignClientFactoryBean] is not eligible for getting processed by all BeanPostProcessors (for example: not eligible for auto-proxying)
2023-08-23T13:38:20.068901649Z stdout F 2023-08-23T13:38:20.068Z INFO  1 --- [main][tenantService] o.s.c.s.PostProcessorRegistrationDelegate$BeanPostProcessorChecker : Bean 'com.raonsecure.odi.tenantservice.feign.LogServiceFeign' of type [org.springframework.cloud.openfeign.FeignClientFactoryBean] is not eligible for getting processed by all BeanPostProcessors (for example: not eligible for auto-proxying)
2023-08-23T13:38:20.072112383Z stdout F 2023-08-23T13:38:20.071Z INFO  1 --- [main][tenantService] o.s.c.s.PostProcessorRegistrationDelegate$BeanPostProcessorChecker : Bean 'com.raonsecure.odi.tenantservice.feign.NotiServiceFeign' of type [org.springframework.cloud.openfeign.FeignClientFactoryBean] is not eligible for getting processed by all BeanPostProcessors (for example: not eligible for auto-proxying)
2023-08-23T13:38:20.078323771Z stdout F 2023-08-23T13:38:20.077Z INFO  1 --- [main][tenantService] o.s.c.s.PostProcessorRegistrationDelegate$BeanPostProcessorChecker : Bean 'com.raonsecure.odi.tenantservice.feign.WalletServiceFeign' of type [org.springframework.cloud.openfeign.FeignClientFactoryBean] is not eligible for getting processed by all BeanPostProcessors (for example: not eligible for auto-proxying)
2023-08-23T13:38:20.96610878Z stdout F 2023-08-23T13:38:20.965Z INFO  1 --- [main][tenantService] o.s.b.w.embedded.tomcat.TomcatWebServer : Tomcat initialized with port(s): 18021 (http)
2023-08-23T13:38:20.983016517Z stdout F 2023-08-23T13:38:20.982Z INFO  1 --- [main][tenantService] o.apache.coyote.http11.Http11NioProtocol : Initializing ProtocolHandler["http-nio-18021"]
2023-08-23T13:38:20.984048421Z stdout F 2023-08-23T13:38:20.983Z INFO  1 --- [main][tenantService] o.apache.catalina.core.StandardService : Starting service [Tomcat]
2023-08-23T13:38:20.98433541Z stdout F 2023-08-23T13:38:20.984Z INFO  1 --- [main][tenantService] org.apache.catalina.core.StandardEngine : Starting Servlet engine: [Apache Tomcat/10.1.8]
2023-08-23T13:38:21.185598107Z stdout F 2023-08-23T13:38:21.185Z INFO  1 --- [main][tenantService] o.a.c.c.C.[Tomcat].[localhost].[/] : Initializing Spring embedded WebApplicationContext
2023-08-23T13:38:21.189964342Z stdout F 2023-08-23T13:38:21.188Z INFO  1 --- [main][tenantService] o.s.b.w.s.c.ServletWebServerApplicationContext : Root WebApplicationContext: initialization completed in 4244 ms
2023-08-23T13:38:22.202892208Z stdout F 2023-08-23T13:38:22.193Z INFO  1 --- [main][tenantService] com.zaxxer.hikari.HikariDataSource : HikariPool-1 - Starting...
2023-08-23T13:38:22.552567792Z stdout F 2023-08-23T13:38:22.552Z INFO  1 --- [main][tenantService] com.zaxxer.hikari.pool.HikariPool : HikariPool-1 - Added connection org.mariadb.jdbc.Connection@515ebef3
2023-08-23T13:38:22.56945682Z stdout F 2023-08-23T13:38:22.569Z INFO  1 --- [main][tenantService] com.zaxxer.hikari.HikariDataSource : HikariPool-1 - Start completed.
2023-08-23T13:38:23.078531361Z stdout F 2023-08-23T13:38:23.077Z INFO  1 --- [main][tenantService] liquibase.lockservice : Successfully acquired change log lock
2023-08-23T13:38:23.827576924Z stdout F 2023-08-23T13:38:23.827Z INFO  1 --- [main][tenantService] liquibase.changelog : Reading from baseDatabase.DATABASECHANGELOG
2023-08-23T13:38:23.932395911Z stdout F 2023-08-23T13:38:23.932Z INFO  1 --- [main][tenantService] liquibase.lockservice : Successfully released change log lock
2023-08-23T13:38:24.072677267Z stdout F 2023-08-23T13:38:24.072Z INFO  1 --- [main][tenantService] o.hibernate.jpa.internal.util.LogHelper : HHH000204: Processing PersistenceUnitInfo [name: default]
2023-08-23T13:38:24.135759946Z stdout F 2023-08-23T13:38:24.135Z INFO  1 --- [main][tenantService] org.hibernate.Version : HHH000412: Hibernate ORM core version 6.1.7.Final
2023-08-23T13:38:24.60985051Z stdout F 2023-08-23T13:38:24.609Z INFO  1 --- [main][tenantService] SQL dialect : HHH000400: Using dialect: org.hibernate.dialect.MariaDBDialect
2023-08-23T13:38:25.845148438Z stdout F 2023-08-23T13:38:25.844Z INFO  1 --- [main][tenantService] o.h.e.t.j.p.i.JtaPlatformInitiator : HHH000490: Using JtaPlatform implementation: [org.hibernate.engine.transaction.jta.platform.internal.NoJtaPlatform]
2023-08-23T13:38:25.858255709Z stdout F 2023-08-23T13:38:25.857Z INFO  1 --- [main][tenantService] o.s.o.j.LocalContainerEntityManagerFactoryBean : Initialized JPA EntityManagerFactory for persistence unit 'default'
2023-08-23T13:38:28.681775131Z stdout F 2023-08-23T13:38:28.681Z WARN  1 --- [main][tenantService] o.s.c.l.c.LoadBalancerCacheAutoConfiguration$LoadBalancerCaffeineWarnLogger : Spring Cloud LoadBalancer is currently working with the default cache. While this cache implementation is useful for development and tests, it's recommended to use Caffeine cache in production.You can switch to using Caffeine cache, by adding it and org.springframework.cache.caffeine.CaffeineCacheManager to the classpath.
2023-08-23T13:38:28.704172242Z stdout F 2023-08-23T13:38:28.703Z INFO  1 --- [main][tenantService] o.s.b.a.e.web.EndpointLinksResolver : Exposing 1 endpoint(s) beneath base path '/actuator'
2023-08-23T13:38:28.817378742Z stdout F 2023-08-23T13:38:28.815Z INFO  1 --- [main][tenantService] o.apache.coyote.http11.Http11NioProtocol : Starting ProtocolHandler ["http-nio-18021"]
2023-08-23T13:38:28.837201498Z stdout F 2023-08-23T13:38:28.836Z INFO  1 --- [main][tenantService] o.s.b.w.embedded.tomcat.TomcatWebServer : Tomcat started on port(s): 18021 (http) with context path ''
2023-08-23T13:38:28.862590837Z stdout F 2023-08-23T13:38:28.862Z INFO  1 --- [main][tenantService] c.r.o.t.TenantserviceApplication : Started TenantserviceApplication in 13.641 seconds (process running for 15.128)
2023-08-23T13:38:31.671269707Z stdout F 2023-08-23T13:38:31.670Z INFO  1 --- [http-nio-18021-exec-1][tenantService] o.a.c.c.C.[Tomcat].[localhost].[/] : Initializing Spring DispatcherServlet 'dispatcherServlet'
2023-08-23T13:38:31.671713176Z stdout F 2023-08-23T13:38:31.671Z INFO  1 --- [http-nio-18021-exec-1][tenantService] o.s.web.servlet.DispatcherServlet : Initializing Servlet 'dispatcherServlet'
2023-08-23T13:38:31.676249864Z stdout F 2023-08-23T13:38:31.674Z INFO  1 --- [http-nio-18021-exec-1][tenantService] o.s.web.servlet.DispatcherServlet : Completed initialization in 3 ms
2023-08-23T13:39:53.669129124Z stdout F 2023-08-23T13:39:53.662Z INFO  1 --- [http-nio-18021-exec-4][tenantService] c.r.o.t.aop.RequestLogAspects : tenantService - TestController.chain - Start
2023-08-23T13:43:35.61192237Z stdout F 2023-08-23T13:43:35.611Z INFO  1 --- [http-nio-18021-exec-5][tenantService] c.r.o.tenantservice.test.TestController : DB Test : TestTable(id=999, data=testData)
2023-08-23T13:43:35.615366465Z stdout F 2023-08-23T13:43:35.615Z INFO  1 --- [http-nio-18021-exec-5][tenantService] c.r.o.tenantservice.aop.FeignLogAspects : tenantService - jdk.proxy2.$Proxy143.chain - Start
2023-08-23T13:43:35.631406555Z stdout F 2023-08-23T13:43:35.631Z INFO  1 --- [http-nio-18021-exec-5][tenantService] c.r.o.tenantservice.aop.FeignLogAspects : tenantService - jdk.proxy2.$Proxy143.chain - Finish
2023-08-23T13:43:35.631659117Z stdout F 2023-08-23T13:43:35.631Z INFO  1 --- [http-nio-18021-exec-5][tenantService] c.r.o.tenantservice.aop.FeignLogAspects : tenantService - jdk.proxy2.$Proxy145.chain - Start
2023-08-23T13:43:35.783487506Z stdout F 2023-08-23T13:43:35.783Z INFO  1 --- [http-nio-18021-exec-5][tenantService] c.r.o.tenantservice.aop.FeignLogAspects : tenantService - jdk.proxy2.$Proxy145.chain - Finish
2023-08-23T13:43:35.787261656Z stdout F 2023-08-23T13:43:35.787Z INFO  1 --- [http-nio-18021-exec-5][tenantService] c.r.o.tenantservice.aop.FeignLogAspects : tenantService - jdk.proxy2.$Proxy147.chain - Start
2023-08-23T13:43:35.801665443Z stdout F 2023-08-23T13:43:35.801Z INFO  1 --- [http-nio-18021-exec-5][tenantService] c.r.o.tenantservice.aop.FeignLogAspects : tenantService - jdk.proxy2.$Proxy147.chain - Finish
2023-08-23T13:43:35.806734646Z stdout F 2023-08-23T13:43:35.802Z INFO  1 --- [http-nio-18021-exec-5][tenantService] c.r.o.tenantservice.aop.FeignLogAspects : tenantService - jdk.proxy2.$Proxy149.chain - Start
2023-08-23T13:43:35.939454245Z stdout F 2023-08-23T13:43:35.938Z INFO  1 --- [http-nio-18021-exec-5][tenantService] c.r.o.tenantservice.aop.FeignLogAspects : tenantService - jdk.proxy2.$Proxy149.chain - Finish
2023-08-23T13:43:35.939536396Z stdout F 2023-08-23T13:43:35.939Z INFO  1 --- [http-nio-18021-exec-5][tenantService] c.r.o.tenantservice.aop.FeignLogAspects : tenantService - jdk.proxy2.$Proxy151.chain - Start
2023-08-23T13:43:36.084020975Z stdout F 2023-08-23T13:43:36.083Z INFO  1 --- [http-nio-18021-exec-5][tenantService] c.r.o.tenantservice.aop.FeignLogAspects : tenantService - jdk.proxy2.$Proxy151.chain - Finish
2023-08-23T13:43:36.084857853Z stdout F 2023-08-23T13:43:36.084Z INFO  1 --- [http-nio-18021-exec-5][tenantService] c.r.o.tenantservice.aop.FeignLogAspects : tenantService - jdk.proxy2.$Proxy153.chain - Start
2023-08-23T13:43:36.116291859Z stdout F 2023-08-23T13:43:36.115Z INFO  1 --- [http-nio-18021-exec-5][tenantService] c.r.o.tenantservice.aop.FeignLogAspects : tenantService - jdk.proxy2.$Proxy153.chain - Finish