2023-08-23T13:38:16.867784561Z stdout F 2023-08-23T13:38:16.864Z INFO  1 --- [main][tenantService] c.r.o.t.TenantserviceApplication : Starting TenantserviceApplication v0.0.1-SNAPSHOT using Java 17.0.2 with PID 1 (/odi-tenant-service.jar started by root in /)
2023-08-23T13:38:16.868440582Z stdout F 2023-08-23T13:38:16.868Z DEBUG 1 --- [main][tenantService] c.r.o.t.TenantserviceApplication : Running with Spring Boot v3.0.6, Spring v6.0.8
2023-08-23T13:38:16.871791767Z stdout F 2023-08-23T13:38:16.871Z INFO  1 --- [main][tenantService] c.r.o.t.TenantserviceApplication : The following 2 profiles are active:"local", "temp"
2023-08-23T13:38:19.098140667Z stdout F 2023-08-23T13:38:19.097Z INFO  1 --- [main][tenantService] o.s.d.r.c.RepositoryConfigurationDelegate : Bootstrapping Spring Data JPA repositories in DEFAULT mode.
2023-08-23T13:38:19.393661015Z stdout F 2023-08-23T13:38:19.393Z INFO  1 --- [main][tenantService] o.s.d.r.c.RepositoryConfigurationDelegate : Finished Spring Data repository scanning in 279 ms. Found 1 JPA repository interfaces.
2023-08-23T13:38:19.90577496Z stdout F 2023-08-23T13:38:19.905Z INFO  1 --- [main][tenantService] o.s.cloud.context.scope.GenericScope : BeanFactory id=a96f0eda-e04a-3142-9d24-e79b5fbb44cb
2023-08-23T13:38:20.055278137Z stdout F 2023-08-23T13:38:20.054Z INFO  1 --- [main][tenantService] o.s.c.s.PostProcessorRegistrationDelegate$BeanPostProcessorChecker : Bean 'com.raonsecure.odi.tenantservice.feign.DaServiceFeign' of type [org.springframework.cloud.openfeign.FeignClientFactoryBean] is not eligible for getting processed by all BeanPostProcessors (for example: not eligible for auto-proxying)
2023-08-23T13:38:20.060660139Z stdout F 2023-08-23T13:38:20.060Z INFO  1 --- [main][tenantService] o.s.c.s.PostProcessorRegistrationDelegate$BeanPostProcessorChecker : Bean 'com.raonsecure.odi.tenantservice.feign.KycEmailFeign' of type [org.springframework.cloud.openfeign.FeignClientFactoryBean] is not eligible for getting processed by allBeanPostProcessors (for example: not eligible for auto-proxying)
2023-08-23T13:38:20.063777662Z stdout F 2023-08-23T13:38:20.063Z INFO  1 --- [main][tenantService] o.s.c.s.PostProcessorRegistrationDelegate$BeanPostProcessorChecker : Bean 'com.raonsecure.odi.tenantservice.feign.KycMobileFeign' of type [org.springframework.cloud.openfeign.FeignClientFactoryBean] is not eligible for getting processed by all BeanPostProcessors (for example: not eligible for auto-proxying)
2023-08-23T13:38:20.068901649Z stdout F 2023-08-23T13:38:20.068Z INFO  1 --- [main][tenantService] o.s.c.s.PostProcessorRegistrationDelegate$BeanPostProcessorChecker : Bean 'com.raonsecure.odi.tenantservice.feign.LogServiceFeign' of type [org.springframework.cloud.openfeign.FeignClientFactoryBean] is not eligible for getting processed by all BeanPostProcessors (for example: not eligible for auto-proxying)
2023-08-23T13:38:20.072112383Z stdout F 2023-08-23T13:38:20.071Z INFO  1 --- [main][tenantService] o.s.c.s.PostProcessorRegistrationDelegate$BeanPostProcessorChecker : Bean 'com.raonsecure.odi.tenantservice.feign.NotiServiceFeign' of type [org.springframework.cloud.openfeign.FeignClientFactoryBean] is not eligible for getting processed by all BeanPostProcessors (for example: not eligible for auto-proxying)
2023-08-23T13:38:20.078323771Z stdout F 2023-08-23T13:38:20.077Z INFO  1 --- [main][tenantService] o.s.c.s.PostProcessorRegistrationDelegate$BeanPostProcessorChecker : Bean 'com.raonsecure.odi.tenantservice.feign.WalletServiceFeign' of type [org.springframework.cloud.openfeign.FeignClientFactoryBean] is not eligible for getting processed by all BeanPostProcessors (for example: not eligible for auto-proxying)
2023-08-23T13:38:20.96610878Z stdout F 2023-08-23T13:38:20.965Z INFO  1 --- [main][tenantService] o.s.b.w.embedded.tomcat.TomcatWebServer : Tomcat initialized with port(s): 18021 (http)
2023-08-23T13:38:20.983016517Z stdout F 2023-08-23T13:38:20.982Z INFO  1 --- [main][tenantService] o.apache.coyote.http11.Http11NioProtocol : Initializing ProtocolHandler["http-nio-18021"]
2023-08-23T13:38:20.984048421Z stdout F 2023-08-23T13:38:20.983Z INFO  1 --- [main][tenantService] o.apache.catalina.core.StandardService : Starting service [Tomcat]
2023-08-23T13:38:20.98433541Z stdout F 2023-08-23T13:38:20.984Z INFO  1 --- [main][tenantService] org.apache.catalina.core.StandardEngine : Starting Servlet engine: [Apache Tomcat/10.1.8]
2023-08-23T13:38:21.185598107Z stdout F 2023-08-23T13:38:21.185Z INFO  1 --- [main][tenantService] o.a.c.c.C.[Tomcat].[localhost].[/] : Initializing Spring embedded WebApplicationContext
2023-08-23T13:38:21.189964342Z stdout F 2023-08-23T13:38:21.188Z INFO  1 --- [main][tenantService] o.s.b.w.s.c.ServletWebServerApplicationContext : Root WebApplicationContext: initialization completed in 4244 ms
2023-08-23T13:38:22.202892208Z stdout F 2023-08-23T13:38:22.193Z INFO  1 --- [main][tenantService] com.zaxxer.hikari.HikariDataSource : HikariPool-1 - Starting...
2023-08-23T13:38:22.552567792Z stdout F 2023-08-23T13:38:22.552Z INFO  1 --- [main][tenantService] com.zaxxer.hikari.pool.HikariPool : HikariPool-1 - Added connection org.mariadb.jdbc.Connection@515ebef3
2023-08-23T13:38:22.56945682Z stdout F 2023-08-23T13:38:22.569Z INFO  1 --- [main][tenantService] com.zaxxer.hikari.HikariDataSource : HikariPool-1 - Start completed.
2023-08-23T13:38:23.078531361Z stdout F 2023-08-23T13:38:23.077Z INFO  1 --- [main][tenantService] liquibase.lockservice : Successfully acquired change log lock
2023-08-23T13:38:23.827576924Z stdout F 2023-08-23T13:38:23.827Z INFO  1 --- [main][tenantService] liquibase.changelog : Reading from baseDatabase.DATABASECHANGELOG
2023-08-23T13:38:23.932395911Z stdout F 2023-08-23T13:38:23.932Z INFO  1 --- [main][tenantService] liquibase.lockservice : Successfully released change log lock
2023-08-23T13:38:24.072677267Z stdout F 2023-08-23T13:38:24.072Z INFO  1 --- [main][tenantService] o.hibernate.jpa.internal.util.LogHelper : HHH000204: Processing PersistenceUnitInfo [name: default]
2023-08-23T13:38:24.135759946Z stdout F 2023-08-23T13:38:24.135Z INFO  1 --- [main][tenantService] org.hibernate.Version : HHH000412: Hibernate ORM core version 6.1.7.Final
2023-08-23T13:38:24.60985051Z stdout F 2023-08-23T13:38:24.609Z INFO  1 --- [main][tenantService] SQL dialect : HHH000400: Using dialect: org.hibernate.dialect.MariaDBDialect
2023-08-23T13:38:25.845148438Z stdout F 2023-08-23T13:38:25.844Z INFO  1 --- [main][tenantService] o.h.e.t.j.p.i.JtaPlatformInitiator : HHH000490: Using JtaPlatform implementation: [org.hibernate.engine.transaction.jta.platform.internal.NoJtaPlatform]
2023-08-23T13:38:25.858255709Z stdout F 2023-08-23T13:38:25.857Z INFO  1 --- [main][tenantService] o.s.o.j.LocalContainerEntityManagerFactoryBean : Initialized JPA EntityManagerFactory for persistence unit 'default'
2023-08-23T13:38:28.681775131Z stdout F 2023-08-23T13:38:28.681Z WARN  1 --- [main][tenantService] o.s.c.l.c.LoadBalancerCacheAutoConfiguration$LoadBalancerCaffeineWarnLogger : Spring Cloud LoadBalancer is currently working with the default cache. While this cache implementation is useful for development and tests, it's recommended to use Caffeine cache in production.You can switch to using Caffeine cache, by adding it and org.springframework.cache.caffeine.CaffeineCacheManager to the classpath.
2023-08-23T13:38:28.704172242Z stdout F 2023-08-23T13:38:28.703Z INFO  1 --- [main][tenantService] o.s.b.a.e.web.EndpointLinksResolver : Exposing 1 endpoint(s) beneath base path '/actuator'
2023-08-23T13:38:28.817378742Z stdout F 2023-08-23T13:38:28.815Z INFO  1 --- [main][tenantService] o.apache.coyote.http11.Http11NioProtocol : Starting ProtocolHandler ["http-nio-18021"]
2023-08-23T13:38:28.837201498Z stdout F 2023-08-23T13:38:28.836Z INFO  1 --- [main][tenantService] o.s.b.w.embedded.tomcat.TomcatWebServer : Tomcat started on port(s): 18021 (http) with context path ''
2023-08-23T13:38:28.862590837Z stdout F 2023-08-23T13:38:28.862Z INFO  1 --- [main][tenantService] c.r.o.t.TenantserviceApplication : Started TenantserviceApplication in 13.641 seconds (process running for 15.128)
2023-08-23T13:38:31.671269707Z stdout F 2023-08-23T13:38:31.670Z INFO  1 --- [http-nio-18021-exec-1][tenantService] o.a.c.c.C.[Tomcat].[localhost].[/] : Initializing Spring DispatcherServlet 'dispatcherServlet'
2023-08-23T13:38:31.671713176Z stdout F 2023-08-23T13:38:31.671Z INFO  1 --- [http-nio-18021-exec-1][tenantService] o.s.web.servlet.DispatcherServlet : Initializing Servlet 'dispatcherServlet'
2023-08-23T13:38:31.676249864Z stdout F 2023-08-23T13:38:31.674Z INFO  1 --- [http-nio-18021-exec-1][tenantService] o.s.web.servlet.DispatcherServlet : Completed initialization in 3 ms
2023-08-23T13:39:53.669129124Z stdout F 2023-08-23T13:39:53.662Z INFO  1 --- [http-nio-18021-exec-4][tenantService] c.r.o.t.aop.RequestLogAspects : tenantService - TestController.chain - Start
2023-08-23T13:39:53.737972459Z stdout F Hibernate:
2023-08-23T13:39:53.73849742Z stdout F     select
2023-08-23T13:39:53.738539755Z stdout F         t1_0.id,
2023-08-23T13:39:53.738554446Z stdout F         t1_0.data
2023-08-23T13:39:53.738559516Z stdout F     from
2023-08-23T13:39:53.738563907Z stdout F         test_table t1_0
2023-08-23T13:39:53.73856854Z stdout F     where
2023-08-23T13:39:53.738573176Z stdout F         t1_0.id=?
2023-08-23T13:39:53.857746104Z stdout F 2023-08-23T13:39:53.857Z INFO  1 --- [http-nio-18021-exec-4][tenantService] c.r.o.t.aop.RequestLogAspects : tenantService - TestController.chain - Finish
2023-08-23T13:39:58.311003849Z stdout F 2023-08-23T13:39:58.309Z INFO  1 --- [http-nio-18021-exec-10][tenantService] c.r.o.t.aop.RequestLogAspects : tenantService - TestController.start - Start
2023-08-23T13:39:58.314541859Z stdout F Hibernate:
2023-08-23T13:39:58.314582854Z stdout F     select
2023-08-23T13:39:58.314590668Z stdout F         t1_0.id,
2023-08-23T13:39:58.314595693Z stdout F         t1_0.data
2023-08-23T13:39:58.314600042Z stdout F     from
2023-08-23T13:39:58.314604999Z stdout F         test_table t1_0
2023-08-23T13:39:58.314609988Z stdout F     where
2023-08-23T13:39:58.314614745Z stdout F         t1_0.id=?
2023-08-23T13:39:58.319689764Z stdout F 2023-08-23T13:39:58.319Z INFO  1 --- [http-nio-18021-exec-10][tenantService] c.r.o.tenantservice.test.TestController : DB Test : TestTable(id=999, data=testData)
2023-08-23T13:39:58.326255493Z stdout F 2023-08-23T13:39:58.325Z INFO  1 --- [http-nio-18021-exec-10][tenantService] c.r.o.tenantservice.aop.FeignLogAspects : tenantService - jdk.proxy2.$Proxy143.chain - Start
2023-08-23T13:39:58.367181949Z stdout F 2023-08-23T13:39:58.366Z INFO  1 --- [http-nio-18021-exec-10][tenantService] c.r.o.tenantservice.aop.FeignLogAspects : tenantService - jdk.proxy2.$Proxy143.chain - Finish
2023-08-23T13:39:58.368285653Z stdout F 2023-08-23T13:39:58.367Z INFO  1 --- [http-nio-18021-exec-10][tenantService] c.r.o.tenantservice.aop.FeignLogAspects : tenantService - jdk.proxy2.$Proxy145.chain - Start
2023-08-23T13:40:08.394246704Z stdout F 2023-08-23T13:40:08.390Z ERROR 1 --- [http-nio-18021-exec-10][tenantService] o.a.c.c.C.[.[.[/].[dispatcherServlet] : Servlet.service() for servlet [dispatcherServlet] in context with path [] threw exception [Request processing failed: feign.RetryableException: Connect timed out executing GET http://odi-tenant-wallet-service.inraondevops.com:18022/test/chain] with root cause
2023-08-23T13:40:08.394306319Z stdout F java.net.SocketTimeoutException: Connect timed out
2023-08-23T13:40:08.394315773Z stdout F         at java.base/sun.nio.ch.NioSocketImpl.timedFinishConnect(NioSocketImpl.java:546)
2023-08-23T13:40:08.394335649Z stdout F         at java.base/sun.nio.ch.NioSocketImpl.connect(NioSocketImpl.java:597)
2023-08-23T13:40:08.394341302Z stdout F         at java.base/java.net.Socket.connect(Socket.java:633)
2023-08-23T13:40:08.394346912Z stdout F         at java.base/sun.net.NetworkClient.doConnect(NetworkClient.java:178)
2023-08-23T13:40:08.394352712Z stdout F         at java.base/sun.net.www.http.HttpClient.openServer(HttpClient.java:498)
2023-08-23T13:40:08.394357924Z stdout F         at java.base/sun.net.www.http.HttpClient.openServer(HttpClient.java:603)
2023-08-23T13:40:08.394363323Z stdout F         at java.base/sun.net.www.http.HttpClient.<init>(HttpClient.java:246)
2023-08-23T13:40:08.394367971Z stdout F         at java.base/sun.net.www.http.HttpClient.New(HttpClient.java:351)
2023-08-23T13:40:08.394373737Z stdout F         at java.base/sun.net.www.http.HttpClient.New(HttpClient.java:373)
2023-08-23T13:40:08.394379154Z stdout F         at java.base/sun.net.www.protocol.http.HttpURLConnection.getNewHttpClient(HttpURLConnection.java:1309)
2023-08-23T13:40:08.394384149Z stdout F         at java.base/sun.net.www.protocol.http.HttpURLConnection.plainConnect0(HttpURLConnection.java:1242)
2023-08-23T13:40:08.394389135Z stdout F         at java.base/sun.net.www.protocol.http.HttpURLConnection.plainConnect(HttpURLConnection.java:1128)
2023-08-23T13:40:08.394394386Z stdout F         at java.base/sun.net.www.protocol.http.HttpURLConnection.connect(HttpURLConnection.java:1057)
2023-08-23T13:40:08.394400099Z stdout F         at java.base/sun.net.www.protocol.http.HttpURLConnection.getInputStream0(HttpURLConnection.java:1665)
2023-08-23T13:40:08.394405808Z stdout F         at java.base/sun.net.www.protocol.http.HttpURLConnection.getInputStream(HttpURLConnection.java:1589)
2023-08-23T13:40:08.394411051Z stdout F         at java.base/java.net.HttpURLConnection.getResponseCode(HttpURLConnection.java:529)
2023-08-23T13:40:08.394416596Z stdout F         at feign.Client$Default.convertResponse(Client.java:110)
2023-08-23T13:40:08.394421976Z stdout F         at feign.Client$Default.execute(Client.java:106)
2023-08-23T13:40:08.394427523Z stdout F         at feign.SynchronousMethodHandler.executeAndDecode(SynchronousMethodHandler.java:102)
2023-08-23T13:40:08.394433113Z stdout F         at feign.SynchronousMethodHandler.invoke(SynchronousMethodHandler.java:72)
2023-08-23T13:40:08.394439235Z stdout F         at feign.ReflectiveFeign$FeignInvocationHandler.invoke(ReflectiveFeign.java:98)
2023-08-23T13:40:08.394443962Z stdout F         at jdk.proxy2/jdk.proxy2.$Proxy145.chain(Unknown Source)
2023-08-23T13:40:08.3944497Z stdout F   at java.base/jdk.internal.reflect.NativeMethodAccessorImpl.invoke0(Native Method)
2023-08-23T13:40:08.394455904Z stdout F         at java.base/jdk.internal.reflect.NativeMethodAccessorImpl.invoke(NativeMethodAccessorImpl.java:77)
2023-08-23T13:40:08.394462033Z stdout F         at java.base/jdk.internal.reflect.DelegatingMethodAccessorImpl.invoke(DelegatingMethodAccessorImpl.java:43)
2023-08-23T13:40:08.394467737Z stdout F         at java.base/java.lang.reflect.Method.invoke(Method.java:568)
2023-08-23T13:40:08.394473503Z stdout F         at org.springframework.aop.support.AopUtils.invokeJoinpointUsingReflection(AopUtils.java:343)
2023-08-23T13:40:08.394479535Z stdout F         at org.springframework.aop.framework.ReflectiveMethodInvocation.invokeJoinpoint(ReflectiveMethodInvocation.java:196)
2023-08-23T13:40:08.394485329Z stdout F         at org.springframework.aop.framework.ReflectiveMethodInvocation.proceed(ReflectiveMethodInvocation.java:163)
2023-08-23T13:40:08.39449023Z stdout F  at org.springframework.aop.aspectj.MethodInvocationProceedingJoinPoint.proceed(MethodInvocationProceedingJoinPoint.java:89)
2023-08-23T13:40:08.394495436Z stdout F         at com.raonsecure.odi.tenantservice.aop.FeignLogAspects.requestChecker(FeignLogAspects.java:23)
2023-08-23T13:40:08.39450014Z stdout F  at java.base/jdk.internal.reflect.NativeMethodAccessorImpl.invoke0(Native Method)
2023-08-23T13:40:08.39450566Z stdout F  at java.base/jdk.internal.reflect.NativeMethodAccessorImpl.invoke(NativeMethodAccessorImpl.java:77)
2023-08-23T13:40:08.394511567Z stdout F         at java.base/jdk.internal.reflect.DelegatingMethodAccessorImpl.invoke(DelegatingMethodAccessorImpl.java:43)
2023-08-23T13:40:08.394522131Z stdout F         at java.base/java.lang.reflect.Method.invoke(Method.java:568)
2023-08-23T13:40:08.394527226Z stdout F         at org.springframework.aop.aspectj.AbstractAspectJAdvice.invokeAdviceMethodWithGivenArgs(AbstractAspectJAdvice.java:637)
2023-08-23T13:40:08.39453241Z stdout F  at org.springframework.aop.aspectj.AbstractAspectJAdvice.invokeAdviceMethod(AbstractAspectJAdvice.java:627)
2023-08-23T13:40:08.394537897Z stdout F         at org.springframework.aop.aspectj.AspectJAroundAdvice.invoke(AspectJAroundAdvice.java:71)
2023-08-23T13:40:08.394542765Z stdout F         at org.springframework.aop.framework.ReflectiveMethodInvocation.proceed(ReflectiveMethodInvocation.java:184)
2023-08-23T13:40:08.394548051Z stdout F         at org.springframework.aop.interceptor.ExposeInvocationInterceptor.invoke(ExposeInvocationInterceptor.java:97)
2023-08-23T13:40:08.394553074Z stdout F         at org.springframework.aop.framework.ReflectiveMethodInvocation.proceed(ReflectiveMethodInvocation.java:184)
2023-08-23T13:40:08.394564637Z stdout F         at org.springframework.aop.framework.JdkDynamicAopProxy.invoke(JdkDynamicAopProxy.java:223)
2023-08-23T13:40:08.394570432Z stdout F         at jdk.proxy2/jdk.proxy2.$Proxy146.chain(Unknown Source)
2023-08-23T13:40:08.394576088Z stdout F         at java.base/java.util.stream.ReferencePipeline$3$1.accept(ReferencePipeline.java:197)
2023-08-23T13:40:08.394581172Z stdout F         at java.base/java.util.AbstractList$RandomAccessSpliterator.forEachRemaining(AbstractList.java:720)
2023-08-23T13:40:08.394586522Z stdout F         at java.base/java.util.stream.AbstractPipeline.copyInto(AbstractPipeline.java:509)
2023-08-23T13:40:08.39459217Z stdout F  at java.base/java.util.stream.AbstractPipeline.wrapAndCopyInto(AbstractPipeline.java:499)
2023-08-23T13:40:08.394597982Z stdout F         at java.base/java.util.stream.ForEachOps$ForEachOp.evaluateSequential(ForEachOps.java:150)
2023-08-23T13:40:08.394602638Z stdout F         at java.base/java.util.stream.ForEachOps$ForEachOp$OfRef.evaluateSequential(ForEachOps.java:173)
2023-08-23T13:40:08.394607482Z stdout F         at java.base/java.util.stream.AbstractPipeline.evaluate(AbstractPipeline.java:234)
2023-08-23T13:40:08.394612698Z stdout F         at java.base/java.util.stream.ReferencePipeline.forEach(ReferencePipeline.java:596)
2023-08-23T13:40:08.394617827Z stdout F         at com.raonsecure.odi.tenantservice.test.TestController.chainCall(TestController.java:71)
2023-08-23T13:40:08.394623911Z stdout F         at com.raonsecure.odi.tenantservice.test.TestController.start(TestController.java:60)
2023-08-23T13:40:08.394628549Z stdout F         at java.base/jdk.internal.reflect.NativeMethodAccessorImpl.invoke0(Native Method)
2023-08-23T13:40:08.394633959Z stdout F         at java.base/jdk.internal.reflect.NativeMethodAccessorImpl.invoke(NativeMethodAccessorImpl.java:77)
2023-08-23T13:40:08.394638666Z stdout F         at java.base/jdk.internal.reflect.DelegatingMethodAccessorImpl.invoke(DelegatingMethodAccessorImpl.java:43)
2023-08-23T13:40:08.39464361Z stdout F  at java.base/java.lang.reflect.Method.invoke(Method.java:568)
2023-08-23T13:40:08.394648318Z stdout F         at org.springframework.aop.support.AopUtils.invokeJoinpointUsingReflection(AopUtils.java:343)
2023-08-23T13:40:08.394655739Z stdout F         at org.springframework.aop.framework.ReflectiveMethodInvocation.invokeJoinpoint(ReflectiveMethodInvocation.java:196)
2023-08-23T13:40:08.394661064Z stdout F         at org.springframework.aop.framework.ReflectiveMethodInvocation.proceed(ReflectiveMethodInvocation.java:163)
2023-08-23T13:40:08.394666342Z stdout F         at org.springframework.aop.framework.CglibAopProxy$CglibMethodInvocation.proceed(CglibAopProxy.java:750)
2023-08-23T13:40:08.394672242Z stdout F         at org.springframework.aop.aspectj.MethodInvocationProceedingJoinPoint.proceed(MethodInvocationProceedingJoinPoint.java:89)
2023-08-23T13:40:08.394677902Z stdout F         at com.raonsecure.odi.tenantservice.aop.RequestLogAspects.requestChecker(RequestLogAspects.java:23)
2023-08-23T13:40:08.394683266Z stdout F         at java.base/jdk.internal.reflect.NativeMethodAccessorImpl.invoke0(Native Method)
2023-08-23T13:40:08.394692881Z stdout F         at java.base/jdk.internal.reflect.NativeMethodAccessorImpl.invoke(NativeMethodAccessorImpl.java:77)
2023-08-23T13:40:08.394698657Z stdout F         at java.base/jdk.internal.reflect.DelegatingMethodAccessorImpl.invoke(DelegatingMethodAccessorImpl.java:43)
2023-08-23T13:40:08.394704246Z stdout F         at java.base/java.lang.reflect.Method.invoke(Method.java:568)
2023-08-23T13:40:08.394709296Z stdout F         at org.springframework.aop.aspectj.AbstractAspectJAdvice.invokeAdviceMethodWithGivenArgs(AbstractAspectJAdvice.java:637)
2023-08-23T13:40:08.394714554Z stdout F         at org.springframework.aop.aspectj.AbstractAspectJAdvice.invokeAdviceMethod(AbstractAspectJAdvice.java:627)
2023-08-23T13:40:08.394719445Z stdout F         at org.springframework.aop.aspectj.AspectJAroundAdvice.invoke(AspectJAroundAdvice.java:71)
2023-08-23T13:40:08.394724332Z stdout F         at org.springframework.aop.framework.ReflectiveMethodInvocation.proceed(ReflectiveMethodInvocation.java:184)
2023-08-23T13:40:08.3947291Z stdout F   at org.springframework.aop.framework.CglibAopProxy$CglibMethodInvocation.proceed(CglibAopProxy.java:750)
2023-08-23T13:40:08.394734242Z stdout F         at org.springframework.aop.interceptor.ExposeInvocationInterceptor.invoke(ExposeInvocationInterceptor.java:97)
2023-08-23T13:40:08.394749101Z stdout F         at org.springframework.aop.framework.ReflectiveMethodInvocation.proceed(ReflectiveMethodInvocation.java:184)
2023-08-23T13:40:08.39475389Z stdout F  at org.springframework.aop.framework.CglibAopProxy$CglibMethodInvocation.proceed(CglibAopProxy.java:750)
2023-08-23T13:40:08.394758866Z stdout F         at org.springframework.aop.framework.CglibAopProxy$DynamicAdvisedInterceptor.intercept(CglibAopProxy.java:702)
2023-08-23T13:40:08.394766063Z stdout F         at com.raonsecure.odi.tenantservice.test.TestController$$SpringCGLIB$$0.start(<generated>)
2023-08-23T13:40:08.394770881Z stdout F         at java.base/jdk.internal.reflect.NativeMethodAccessorImpl.invoke0(Native Method)
2023-08-23T13:40:08.39477547Z stdout F  at java.base/jdk.internal.reflect.NativeMethodAccessorImpl.invoke(NativeMethodAccessorImpl.java:77)
2023-08-23T13:40:08.39478137Z stdout F  at java.base/jdk.internal.reflect.DelegatingMethodAccessorImpl.invoke(DelegatingMethodAccessorImpl.java:43)
2023-08-23T13:40:08.394785714Z stdout F         at java.base/java.lang.reflect.Method.invoke(Method.java:568)
2023-08-23T13:40:08.394880342Z stdout F         at org.springframework.web.method.support.InvocableHandlerMethod.doInvoke(InvocableHandlerMethod.java:207)
2023-08-23T13:40:08.394887577Z stdout F         at org.springframework.web.method.support.InvocableHandlerMethod.invokeForRequest(InvocableHandlerMethod.java:152)
2023-08-23T13:40:08.394898173Z stdout F         at org.springframework.web.servlet.mvc.method.annotation.ServletInvocableHandlerMethod.invokeAndHandle(ServletInvocableHandlerMethod.java:118)
2023-08-23T13:40:08.394903394Z stdout F         at org.springframework.web.servlet.mvc.method.annotation.RequestMappingHandlerAdapter.invokeHandlerMethod(RequestMappingHandlerAdapter.java:884)
2023-08-23T13:40:08.394908111Z stdout F         at org.springframework.web.servlet.mvc.method.annotation.RequestMappingHandlerAdapter.handleInternal(RequestMappingHandlerAdapter.java:797)
2023-08-23T13:40:08.39492408Z stdout F  at org.springframework.web.servlet.mvc.method.AbstractHandlerMethodAdapter.handle(AbstractHandlerMethodAdapter.java:87)
2023-08-23T13:40:08.394928937Z stdout F         at org.springframework.web.servlet.DispatcherServlet.doDispatch(DispatcherServlet.java:1081)
2023-08-23T13:40:08.39493375Z stdout F  at org.springframework.web.servlet.DispatcherServlet.doService(DispatcherServlet.java:974)
2023-08-23T13:40:08.394939923Z stdout F         at org.springframework.web.servlet.FrameworkServlet.processRequest(FrameworkServlet.java:1011)
2023-08-23T13:40:08.394944322Z stdout F         at org.springframework.web.servlet.FrameworkServlet.doGet(FrameworkServlet.java:903)
2023-08-23T13:40:08.394949124Z stdout F         at jakarta.servlet.http.HttpServlet.service(HttpServlet.java:564)
2023-08-23T13:40:08.394953826Z stdout F         at org.springframework.web.servlet.FrameworkServlet.service(FrameworkServlet.java:885)
2023-08-23T13:40:08.394963896Z stdout F         at jakarta.servlet.http.HttpServlet.service(HttpServlet.java:658)
2023-08-23T13:40:08.394969045Z stdout F         at org.apache.catalina.core.ApplicationFilterChain.internalDoFilter(ApplicationFilterChain.java:205)
2023-08-23T13:40:08.394973414Z stdout F         at org.apache.catalina.core.ApplicationFilterChain.doFilter(ApplicationFilterChain.java:149)
2023-08-23T13:40:08.394977893Z stdout F         at org.apache.tomcat.websocket.server.WsFilter.doFilter(WsFilter.java:51)
2023-08-23T13:40:08.394982702Z stdout F         at org.apache.catalina.core.ApplicationFilterChain.internalDoFilter(ApplicationFilterChain.java:174)
2023-08-23T13:40:08.394987321Z stdout F         at org.apache.catalina.core.ApplicationFilterChain.doFilter(ApplicationFilterChain.java:149)
2023-08-23T13:40:08.394992401Z stdout F         at org.springframework.web.filter.RequestContextFilter.doFilterInternal(RequestContextFilter.java:100)
2023-08-23T13:40:08.394997618Z stdout F         at org.springframework.web.filter.OncePerRequestFilter.doFilter(OncePerRequestFilter.java:116)
2023-08-23T13:40:08.395002445Z stdout F         at org.apache.catalina.core.ApplicationFilterChain.internalDoFilter(ApplicationFilterChain.java:174)
2023-08-23T13:40:08.395007007Z stdout F         at org.apache.catalina.core.ApplicationFilterChain.doFilter(ApplicationFilterChain.java:149)
2023-08-23T13:40:08.395011765Z stdout F         at org.springframework.web.filter.FormContentFilter.doFilterInternal(FormContentFilter.java:93)
2023-08-23T13:40:08.395016579Z stdout F         at org.springframework.web.filter.OncePerRequestFilter.doFilter(OncePerRequestFilter.java:116)
2023-08-23T13:40:08.395021523Z stdout F         at org.apache.catalina.core.ApplicationFilterChain.internalDoFilter(ApplicationFilterChain.java:174)
2023-08-23T13:40:08.395026619Z stdout F         at org.apache.catalina.core.ApplicationFilterChain.doFilter(ApplicationFilterChain.java:149)
2023-08-23T13:40:08.395031496Z stdout F         at org.springframework.web.filter.ServerHttpObservationFilter.doFilterInternal(ServerHttpObservationFilter.java:109)
2023-08-23T13:40:08.395036179Z stdout F         at org.springframework.web.filter.OncePerRequestFilter.doFilter(OncePerRequestFilter.java:116)
2023-08-23T13:40:08.395041314Z stdout F         at org.apache.catalina.core.ApplicationFilterChain.internalDoFilter(ApplicationFilterChain.java:174)
2023-08-23T13:40:08.395046367Z stdout F         at org.apache.catalina.core.ApplicationFilterChain.doFilter(ApplicationFilterChain.java:149)
2023-08-23T13:40:08.395051138Z stdout F         at org.springframework.web.filter.CharacterEncodingFilter.doFilterInternal(CharacterEncodingFilter.java:201)
2023-08-23T13:40:08.395055512Z stdout F         at org.springframework.web.filter.OncePerRequestFilter.doFilter(OncePerRequestFilter.java:116)
2023-08-23T13:40:08.39506009Z stdout F  at org.apache.catalina.core.ApplicationFilterChain.internalDoFilter(ApplicationFilterChain.java:174)
2023-08-23T13:40:08.39506448Z stdout F  at org.apache.catalina.core.ApplicationFilterChain.doFilter(ApplicationFilterChain.java:149)
2023-08-23T13:40:08.39506902Z stdout F  at org.apache.catalina.core.StandardWrapperValve.invoke(StandardWrapperValve.java:166)
2023-08-23T13:40:08.395073579Z stdout F         at org.apache.catalina.core.StandardContextValve.invoke(StandardContextValve.java:90)
2023-08-23T13:40:08.395078227Z stdout F         at org.apache.catalina.authenticator.AuthenticatorBase.invoke(AuthenticatorBase.java:482)
2023-08-23T13:40:08.395083113Z stdout F         at org.apache.catalina.core.StandardHostValve.invoke(StandardHostValve.java:115)
2023-08-23T13:40:08.395087544Z stdout F         at org.apache.catalina.valves.ErrorReportValve.invoke(ErrorReportValve.java:93)
2023-08-23T13:40:08.395091861Z stdout F         at org.apache.catalina.core.StandardEngineValve.invoke(StandardEngineValve.java:74)
2023-08-23T13:40:08.395096263Z stdout F         at org.apache.catalina.valves.RemoteIpValve.invoke(RemoteIpValve.java:738)
2023-08-23T13:40:08.39510054Z stdout F  at org.apache.catalina.connector.CoyoteAdapter.service(CoyoteAdapter.java:341)
2023-08-23T13:40:08.395108487Z stdout F         at org.apache.coyote.http11.Http11Processor.service(Http11Processor.java:390)
2023-08-23T13:40:08.395113009Z stdout F         at org.apache.coyote.AbstractProcessorLight.process(AbstractProcessorLight.java:63)
2023-08-23T13:40:08.395121284Z stdout F         at org.apache.coyote.AbstractProtocol$ConnectionHandler.process(AbstractProtocol.java:894)
2023-08-23T13:40:08.395126244Z stdout F         at org.apache.tomcat.util.net.NioEndpoint$SocketProcessor.doRun(NioEndpoint.java:1741)
2023-08-23T13:40:08.395131027Z stdout F         at org.apache.tomcat.util.net.SocketProcessorBase.run(SocketProcessorBase.java:52)
2023-08-23T13:40:08.395136088Z stdout F         at org.apache.tomcat.util.threads.ThreadPoolExecutor.runWorker(ThreadPoolExecutor.java:1191)
2023-08-23T13:40:08.395141061Z stdout F         at org.apache.tomcat.util.threads.ThreadPoolExecutor$Worker.run(ThreadPoolExecutor.java:659)
2023-08-23T13:40:08.395146124Z stdout F         at org.apache.tomcat.util.threads.TaskThread$WrappingRunnable.run(TaskThread.java:61)
2023-08-23T13:40:08.395151293Z stdout F         at java.base/java.lang.Thread.run(Thread.java:833)
2023-08-23T13:43:35.599197873Z stdout F 2023-08-23T13:43:35.598Z INFO  1 --- [http-nio-18021-exec-5][tenantService] c.r.o.t.aop.RequestLogAspects : tenantService - TestController.start - Start
2023-08-23T13:43:35.60678269Z stdout F Hibernate:
2023-08-23T13:43:35.606847923Z stdout F     select
2023-08-23T13:43:35.606856596Z stdout F         t1_0.id,
2023-08-23T13:43:35.60686229Z stdout F         t1_0.data
2023-08-23T13:43:35.606866919Z stdout F     from
2023-08-23T13:43:35.606871387Z stdout F         test_table t1_0
2023-08-23T13:43:35.606875838Z stdout F     where
2023-08-23T13:43:35.60688047Z stdout F         t1_0.id=?
2023-08-23T13:43:35.61192237Z stdout F 2023-08-23T13:43:35.611Z INFO  1 --- [http-nio-18021-exec-5][tenantService] c.r.o.tenantservice.test.TestController : DB Test : TestTable(id=999, data=testData)
2023-08-23T13:43:35.615366465Z stdout F 2023-08-23T13:43:35.615Z INFO  1 --- [http-nio-18021-exec-5][tenantService] c.r.o.tenantservice.aop.FeignLogAspects : tenantService - jdk.proxy2.$Proxy143.chain - Start
2023-08-23T13:43:35.631406555Z stdout F 2023-08-23T13:43:35.631Z INFO  1 --- [http-nio-18021-exec-5][tenantService] c.r.o.tenantservice.aop.FeignLogAspects : tenantService - jdk.proxy2.$Proxy143.chain - Finish
2023-08-23T13:43:35.631659117Z stdout F 2023-08-23T13:43:35.631Z INFO  1 --- [http-nio-18021-exec-5][tenantService] c.r.o.tenantservice.aop.FeignLogAspects : tenantService - jdk.proxy2.$Proxy145.chain - Start
2023-08-23T13:43:35.783487506Z stdout F 2023-08-23T13:43:35.783Z INFO  1 --- [http-nio-18021-exec-5][tenantService] c.r.o.tenantservice.aop.FeignLogAspects : tenantService - jdk.proxy2.$Proxy145.chain - Finish
2023-08-23T13:43:35.787261656Z stdout F 2023-08-23T13:43:35.787Z INFO  1 --- [http-nio-18021-exec-5][tenantService] c.r.o.tenantservice.aop.FeignLogAspects : tenantService - jdk.proxy2.$Proxy147.chain - Start
2023-08-23T13:43:35.801665443Z stdout F 2023-08-23T13:43:35.801Z INFO  1 --- [http-nio-18021-exec-5][tenantService] c.r.o.tenantservice.aop.FeignLogAspects : tenantService - jdk.proxy2.$Proxy147.chain - Finish
2023-08-23T13:43:35.806734646Z stdout F 2023-08-23T13:43:35.802Z INFO  1 --- [http-nio-18021-exec-5][tenantService] c.r.o.tenantservice.aop.FeignLogAspects : tenantService - jdk.proxy2.$Proxy149.chain - Start
2023-08-23T13:43:35.939454245Z stdout F 2023-08-23T13:43:35.938Z INFO  1 --- [http-nio-18021-exec-5][tenantService] c.r.o.tenantservice.aop.FeignLogAspects : tenantService - jdk.proxy2.$Proxy149.chain - Finish
2023-08-23T13:43:35.939536396Z stdout F 2023-08-23T13:43:35.939Z INFO  1 --- [http-nio-18021-exec-5][tenantService] c.r.o.tenantservice.aop.FeignLogAspects : tenantService - jdk.proxy2.$Proxy151.chain - Start
2023-08-23T13:43:36.084020975Z stdout F 2023-08-23T13:43:36.083Z INFO  1 --- [http-nio-18021-exec-5][tenantService] c.r.o.tenantservice.aop.FeignLogAspects : tenantService - jdk.proxy2.$Proxy151.chain - Finish
2023-08-23T13:43:36.084857853Z stdout F 2023-08-23T13:43:36.084Z INFO  1 --- [http-nio-18021-exec-5][tenantService] c.r.o.tenantservice.aop.FeignLogAspects : tenantService - jdk.proxy2.$Proxy153.chain - Start
2023-08-23T13:43:36.116291859Z stdout F 2023-08-23T13:43:36.115Z INFO  1 --- [http-nio-18021-exec-5][tenantService] c.r.o.tenantservice.aop.FeignLogAspects : tenantService - jdk.proxy2.$Proxy153.chain - Finish
2023-08-23T13:43:36.129863126Z stdout F 2023-08-23T13:43:36.116Z INFO  1 --- [http-nio-18021-exec-5][tenantService] c.r.o.t.aop.RequestLogAspects : tenantService - TestController.start - Finish
2023-08-23T13:53:02.347890745Z stdout F 2023-08-23T13:53:02.347Z INFO  1 --- [http-nio-18021-exec-2][tenantService] c.r.o.t.aop.RequestLogAspects : tenantService - TestController.start - Start
2023-08-23T13:53:02.353812489Z stdout F Hibernate:
2023-08-23T13:53:02.354192623Z stdout F     select
2023-08-23T13:53:02.354233586Z stdout F         t1_0.id,
2023-08-23T13:53:02.354248383Z stdout F         t1_0.data
2023-08-23T13:53:02.354254211Z stdout F     from
2023-08-23T13:53:02.354258971Z stdout F         test_table t1_0
2023-08-23T13:53:02.354263977Z stdout F     where
2023-08-23T13:53:02.354268741Z stdout F         t1_0.id=?
2023-08-23T13:53:02.36161566Z stdout F 2023-08-23T13:53:02.361Z INFO  1 --- [http-nio-18021-exec-2][tenantService] c.r.o.tenantservice.test.TestController : DB Test : TestTable(id=999, data=testData)
2023-08-23T13:53:02.366443043Z stdout F 2023-08-23T13:53:02.366Z INFO  1 --- [http-nio-18021-exec-2][tenantService] c.r.o.tenantservice.aop.FeignLogAspects : tenantService - jdk.proxy2.$Proxy143.chain - Start
2023-08-23T13:53:02.388715089Z stdout F 2023-08-23T13:53:02.387Z INFO  1 --- [http-nio-18021-exec-2][tenantService] c.r.o.tenantservice.aop.FeignLogAspects : tenantService - jdk.proxy2.$Proxy143.chain - Finish
2023-08-23T13:53:02.391556375Z stdout F 2023-08-23T13:53:02.391Z INFO  1 --- [http-nio-18021-exec-2][tenantService] c.r.o.tenantservice.aop.FeignLogAspects : tenantService - jdk.proxy2.$Proxy145.chain - Start
2023-08-23T13:53:02.424289262Z stdout F 2023-08-23T13:53:02.423Z INFO  1 --- [http-nio-18021-exec-2][tenantService] c.r.o.tenantservice.aop.FeignLogAspects : tenantService - jdk.proxy2.$Proxy145.chain - Finish
2023-08-23T13:53:02.427154144Z stdout F 2023-08-23T13:53:02.426Z INFO  1 --- [http-nio-18021-exec-2][tenantService] c.r.o.tenantservice.aop.FeignLogAspects : tenantService - jdk.proxy2.$Proxy147.chain - Start
2023-08-23T13:53:02.447185221Z stdout F 2023-08-23T13:53:02.446Z INFO  1 --- [http-nio-18021-exec-2][tenantService] c.r.o.tenantservice.aop.FeignLogAspects : tenantService - jdk.proxy2.$Proxy147.chain - Finish
2023-08-23T13:53:02.448851607Z stdout F 2023-08-23T13:53:02.448Z INFO  1 --- [http-nio-18021-exec-2][tenantService] c.r.o.tenantservice.aop.FeignLogAspects : tenantService - jdk.proxy2.$Proxy149.chain - Start
2023-08-23T13:53:02.47357973Z stdout F 2023-08-23T13:53:02.473Z INFO  1 --- [http-nio-18021-exec-2][tenantService] c.r.o.tenantservice.aop.FeignLogAspects : tenantService- jdk.proxy2.$Proxy149.chain - Finish
2023-08-23T13:53:02.474334428Z stdout F 2023-08-23T13:53:02.473Z INFO  1 --- [http-nio-18021-exec-2][tenantService] c.r.o.tenantservice.aop.FeignLogAspects : tenantService - jdk.proxy2.$Proxy151.chain - Start
2023-08-23T13:53:02.498526753Z stdout F 2023-08-23T13:53:02.498Z INFO  1 --- [http-nio-18021-exec-2][tenantService] c.r.o.tenantservice.aop.FeignLogAspects : tenantService - jdk.proxy2.$Proxy151.chain - Finish
2023-08-23T13:53:02.499846061Z stdout F 2023-08-23T13:53:02.499Z INFO  1 --- [http-nio-18021-exec-2][tenantService] c.r.o.tenantservice.aop.FeignLogAspects : tenantService - jdk.proxy2.$Proxy153.chain - Start
2023-08-23T13:53:02.534247021Z stdout F 2023-08-23T13:53:02.533Z INFO  1 --- [http-nio-18021-exec-2][tenantService] c.r.o.tenantservice.aop.FeignLogAspects : tenantService - jdk.proxy2.$Proxy153.chain - Finish
2023-08-23T13:53:02.53642199Z stdout F 2023-08-23T13:53:02.536Z INFO  1 --- [http-nio-18021-exec-2][tenantService] c.r.o.t.aop.RequestLogAspects : tenantService - TestController.start - Finish
2023-08-23T13:58:47.237248888Z stdout F 2023-08-23T13:58:47.236Z INFO  1 --- [http-nio-18021-exec-2][tenantService] c.r.o.t.aop.RequestLogAspects : tenantService - TestController.start - Start
2023-08-23T13:58:47.244117558Z stdout F Hibernate:
2023-08-23T13:58:47.244149345Z stdout F     select
2023-08-23T13:58:47.244154234Z stdout F         t1_0.id,
2023-08-23T13:58:47.244158129Z stdout F         t1_0.data
2023-08-23T13:58:47.244161632Z stdout F     from
2023-08-23T13:58:47.244165233Z stdout F         test_table t1_0
2023-08-23T13:58:47.244168764Z stdout F     where
2023-08-23T13:58:47.244172245Z stdout F         t1_0.id=?
2023-08-23T13:58:47.24930122Z stdout F 2023-08-23T13:58:47.248Z INFO  1 --- [http-nio-18021-exec-2][tenantService] c.r.o.tenantservice.test.TestController : DB Test : TestTable(id=999, data=testData)
2023-08-23T13:58:47.252796665Z stdout F 2023-08-23T13:58:47.252Z INFO  1 --- [http-nio-18021-exec-2][tenantService] c.r.o.tenantservice.aop.FeignLogAspects : tenantService - jdk.proxy2.$Proxy143.chain - Start
2023-08-23T13:58:47.290103902Z stdout F 2023-08-23T13:58:47.289Z INFO  1 --- [http-nio-18021-exec-2][tenantService] c.r.o.tenantservice.aop.FeignLogAspects : tenantService - jdk.proxy2.$Proxy143.chain - Finish
2023-08-23T13:58:47.292287782Z stdout F 2023-08-23T13:58:47.292Z INFO  1 --- [http-nio-18021-exec-2][tenantService] c.r.o.tenantservice.aop.FeignLogAspects : tenantService - jdk.proxy2.$Proxy145.chain - Start
2023-08-23T13:58:47.319614992Z stdout F 2023-08-23T13:58:47.319Z INFO  1 --- [http-nio-18021-exec-2][tenantService] c.r.o.tenantservice.aop.FeignLogAspects : tenantService - jdk.proxy2.$Proxy145.chain - Finish
2023-08-23T13:58:47.322321657Z stdout F 2023-08-23T13:58:47.321Z INFO  1 --- [http-nio-18021-exec-2][tenantService] c.r.o.tenantservice.aop.FeignLogAspects : tenantService - jdk.proxy2.$Proxy147.chain - Start
2023-08-23T13:58:47.339595216Z stdout F 2023-08-23T13:58:47.339Z INFO  1 --- [http-nio-18021-exec-2][tenantService] c.r.o.tenantservice.aop.FeignLogAspects : tenantService - jdk.proxy2.$Proxy147.chain - Finish
2023-08-23T13:58:47.341988155Z stdout F 2023-08-23T13:58:47.341Z INFO  1 --- [http-nio-18021-exec-2][tenantService] c.r.o.tenantservice.aop.FeignLogAspects : tenantService - jdk.proxy2.$Proxy149.chain - Start
2023-08-23T13:58:47.366510645Z stdout F 2023-08-23T13:58:47.366Z INFO  1 --- [http-nio-18021-exec-2][tenantService] c.r.o.tenantservice.aop.FeignLogAspects : tenantService - jdk.proxy2.$Proxy149.chain - Finish
2023-08-23T13:58:47.36815708Z stdout F 2023-08-23T13:58:47.367Z INFO  1 --- [http-nio-18021-exec-2][tenantService] c.r.o.tenantservice.aop.FeignLogAspects : tenantService- jdk.proxy2.$Proxy151.chain - Start
2023-08-23T13:58:47.390326524Z stdout F 2023-08-23T13:58:47.389Z INFO  1 --- [http-nio-18021-exec-2][tenantService] c.r.o.tenantservice.aop.FeignLogAspects : tenantService - jdk.proxy2.$Proxy151.chain - Finish
2023-08-23T13:58:47.391331352Z stdout F 2023-08-23T13:58:47.390Z INFO  1 --- [http-nio-18021-exec-2][tenantService] c.r.o.tenantservice.aop.FeignLogAspects : tenantService - jdk.proxy2.$Proxy153.chain - Start
2023-08-23T13:58:47.414265067Z stdout F 2023-08-23T13:58:47.413Z INFO  1 --- [http-nio-18021-exec-2][tenantService] c.r.o.tenantservice.aop.FeignLogAspects : tenantService - jdk.proxy2.$Proxy153.chain - Finish
2023-08-23T13:58:47.414718013Z stdout F 2023-08-23T13:58:47.414Z INFO  1 --- [http-nio-18021-exec-2][tenantService] c.r.o.t.aop.RequestLogAspects : tenantService - TestController.start - Finish
2023-08-23T13:59:23.573235093Z stdout F 2023-08-23T13:59:23.572Z INFO  1 --- [http-nio-18021-exec-5][tenantService] c.r.o.t.aop.RequestLogAspects : tenantService - TestController.start - Start
2023-08-23T13:59:23.578848516Z stdout F Hibernate:
2023-08-23T13:59:23.578879539Z stdout F     select
2023-08-23T13:59:23.578886166Z stdout F         t1_0.id,
2023-08-23T13:59:23.578891392Z stdout F         t1_0.data
2023-08-23T13:59:23.57889619Z stdout F     from
2023-08-23T13:59:23.578900764Z stdout F         test_table t1_0
2023-08-23T13:59:23.578906137Z stdout F     where
2023-08-23T13:59:23.578921339Z stdout F         t1_0.id=?
2023-08-23T13:59:23.584096983Z stdout F 2023-08-23T13:59:23.583Z INFO  1 --- [http-nio-18021-exec-5][tenantService] c.r.o.tenantservice.test.TestController : DB Test : TestTable(id=999, data=testData)
2023-08-23T13:59:23.588082535Z stdout F 2023-08-23T13:59:23.587Z INFO  1 --- [http-nio-18021-exec-5][tenantService] c.r.o.tenantservice.aop.FeignLogAspects : tenantService - jdk.proxy2.$Proxy143.chain - Start
2023-08-23T13:59:23.618786253Z stdout F 2023-08-23T13:59:23.618Z INFO  1 --- [http-nio-18021-exec-5][tenantService] c.r.o.tenantservice.aop.FeignLogAspects : tenantService - jdk.proxy2.$Proxy143.chain - Finish
2023-08-23T13:59:23.619625472Z stdout F 2023-08-23T13:59:23.618Z INFO  1 --- [http-nio-18021-exec-5][tenantService] c.r.o.tenantservice.aop.FeignLogAspects : tenantService - jdk.proxy2.$Proxy145.chain - Start
2023-08-23T13:59:23.646989571Z stdout F 2023-08-23T13:59:23.646Z INFO  1 --- [http-nio-18021-exec-5][tenantService] c.r.o.tenantservice.aop.FeignLogAspects : tenantService - jdk.proxy2.$Proxy145.chain - Finish
2023-08-23T13:59:23.64740796Z stdout F 2023-08-23T13:59:23.647Z INFO  1 --- [http-nio-18021-exec-5][tenantService] c.r.o.tenantservice.aop.FeignLogAspects : tenantService- jdk.proxy2.$Proxy147.chain - Start
2023-08-23T13:59:23.65404376Z stdout F 2023-08-23T13:59:23.653Z INFO  1 --- [http-nio-18021-exec-5][tenantService] c.r.o.tenantservice.aop.FeignLogAspects : tenantService- jdk.proxy2.$Proxy147.chain - Finish
2023-08-23T13:59:23.659942025Z stdout F 2023-08-23T13:59:23.654Z INFO  1 --- [http-nio-18021-exec-5][tenantService] c.r.o.tenantservice.aop.FeignLogAspects : tenantService - jdk.proxy2.$Proxy149.chain - Start
2023-08-23T13:59:23.672514991Z stdout F 2023-08-23T13:59:23.669Z INFO  1 --- [http-nio-18021-exec-5][tenantService] c.r.o.tenantservice.aop.FeignLogAspects : tenantService - jdk.proxy2.$Proxy149.chain - Finish
2023-08-23T13:59:23.672618309Z stdout F 2023-08-23T13:59:23.669Z INFO  1 --- [http-nio-18021-exec-5][tenantService] c.r.o.tenantservice.aop.FeignLogAspects : tenantService - jdk.proxy2.$Proxy151.chain - Start
2023-08-23T13:59:23.683383623Z stdout F 2023-08-23T13:59:23.683Z INFO  1 --- [http-nio-18021-exec-5][tenantService] c.r.o.tenantservice.aop.FeignLogAspects : tenantService - jdk.proxy2.$Proxy151.chain - Finish
2023-08-23T13:59:23.683477285Z stdout F 2023-08-23T13:59:23.683Z INFO  1 --- [http-nio-18021-exec-5][tenantService] c.r.o.tenantservice.aop.FeignLogAspects : tenantService - jdk.proxy2.$Proxy153.chain - Start
2023-08-23T13:59:23.699027336Z stdout F 2023-08-23T13:59:23.697Z INFO  1 --- [http-nio-18021-exec-5][tenantService] c.r.o.tenantservice.aop.FeignLogAspects : tenantService - jdk.proxy2.$Proxy153.chain - Finish
2023-08-23T13:59:23.699130082Z stdout F 2023-08-23T13:59:23.697Z INFO  1 --- [http-nio-18021-exec-5][tenantService] c.r.o.t.aop.RequestLogAspects : tenantService - TestController.start - Finish
2023-08-23T13:59:25.0513545Z stdout F 2023-08-23T13:59:25.051Z INFO  1 --- [http-nio-18021-exec-9][tenantService] c.r.o.t.aop.RequestLogAspects : tenantService - TestController.start - Start
2023-08-23T13:59:25.056480202Z stdout F Hibernate:
2023-08-23T13:59:25.056539476Z stdout F     select
2023-08-23T13:59:25.056545767Z stdout F         t1_0.id,
2023-08-23T13:59:25.056549933Z stdout F         t1_0.data
2023-08-23T13:59:25.056553424Z stdout F     from
2023-08-23T13:59:25.056556896Z stdout F         test_table t1_0
2023-08-23T13:59:25.056560717Z stdout F     where
2023-08-23T13:59:25.05656414Z stdout F         t1_0.id=?
2023-08-23T13:59:25.061398814Z stdout F 2023-08-23T13:59:25.061Z INFO  1 --- [http-nio-18021-exec-9][tenantService] c.r.o.tenantservice.test.TestController : DB Test : TestTable(id=999, data=testData)
2023-08-23T13:59:25.064790634Z stdout F 2023-08-23T13:59:25.064Z INFO  1 --- [http-nio-18021-exec-9][tenantService] c.r.o.tenantservice.aop.FeignLogAspects : tenantService - jdk.proxy2.$Proxy143.chain - Start
2023-08-23T13:59:25.087105167Z stdout F 2023-08-23T13:59:25.086Z INFO  1 --- [http-nio-18021-exec-9][tenantService] c.r.o.tenantservice.aop.FeignLogAspects : tenantService - jdk.proxy2.$Proxy143.chain - Finish
2023-08-23T13:59:25.088785439Z stdout F 2023-08-23T13:59:25.087Z INFO  1 --- [http-nio-18021-exec-9][tenantService] c.r.o.tenantservice.aop.FeignLogAspects : tenantService - jdk.proxy2.$Proxy145.chain - Start
2023-08-23T13:59:25.111282975Z stdout F 2023-08-23T13:59:25.110Z INFO  1 --- [http-nio-18021-exec-9][tenantService] c.r.o.tenantservice.aop.FeignLogAspects : tenantService - jdk.proxy2.$Proxy145.chain - Finish
2023-08-23T13:59:25.111638048Z stdout F 2023-08-23T13:59:25.111Z INFO  1 --- [http-nio-18021-exec-9][tenantService] c.r.o.tenantservice.aop.FeignLogAspects : tenantService - jdk.proxy2.$Proxy147.chain - Start
2023-08-23T13:59:25.11944327Z stdout F 2023-08-23T13:59:25.119Z INFO  1 --- [http-nio-18021-exec-9][tenantService] c.r.o.tenantservice.aop.FeignLogAspects : tenantService- jdk.proxy2.$Proxy147.chain - Finish
2023-08-23T13:59:25.120524333Z stdout F 2023-08-23T13:59:25.119Z INFO  1 --- [http-nio-18021-exec-9][tenantService] c.r.o.tenantservice.aop.FeignLogAspects : tenantService - jdk.proxy2.$Proxy149.chain - Start
2023-08-23T13:59:25.133869029Z stdout F 2023-08-23T13:59:25.133Z INFO  1 --- [http-nio-18021-exec-9][tenantService] c.r.o.tenantservice.aop.FeignLogAspects : tenantService - jdk.proxy2.$Proxy149.chain - Finish
2023-08-23T13:59:25.135285239Z stdout F 2023-08-23T13:59:25.135Z INFO  1 --- [http-nio-18021-exec-9][tenantService] c.r.o.tenantservice.aop.FeignLogAspects : tenantService - jdk.proxy2.$Proxy151.chain - Start
2023-08-23T13:59:25.14804594Z stdout F 2023-08-23T13:59:25.147Z INFO  1 --- [http-nio-18021-exec-9][tenantService] c.r.o.tenantservice.aop.FeignLogAspects : tenantService- jdk.proxy2.$Proxy151.chain - Finish
2023-08-23T13:59:25.149333208Z stdout F 2023-08-23T13:59:25.148Z INFO  1 --- [http-nio-18021-exec-9][tenantService] c.r.o.tenantservice.aop.FeignLogAspects : tenantService - jdk.proxy2.$Proxy153.chain - Start
2023-08-23T13:59:25.162330832Z stdout F 2023-08-23T13:59:25.162Z INFO  1 --- [http-nio-18021-exec-9][tenantService] c.r.o.tenantservice.aop.FeignLogAspects : tenantService - jdk.proxy2.$Proxy153.chain - Finish
2023-08-23T13:59:25.163348828Z stdout F 2023-08-23T13:59:25.162Z INFO  1 --- [http-nio-18021-exec-9][tenantService] c.r.o.t.aop.RequestLogAspects : tenantService - TestController.start - Finish
2023-08-23T13:59:59.899288019Z stdout F 2023-08-23T13:59:59.899Z INFO  1 --- [http-nio-18021-exec-3][tenantService] c.r.o.t.aop.RequestLogAspects : tenantService - TestController.start - Start
2023-08-23T13:59:59.906623164Z stdout F Hibernate:
2023-08-23T13:59:59.906777828Z stdout F     select
2023-08-23T13:59:59.906801404Z stdout F         t1_0.id,
2023-08-23T13:59:59.906806827Z stdout F         t1_0.data
2023-08-23T13:59:59.906811641Z stdout F     from
2023-08-23T13:59:59.906815937Z stdout F         test_table t1_0
2023-08-23T13:59:59.906820267Z stdout F     where
2023-08-23T13:59:59.90682461Z stdout F         t1_0.id=?
2023-08-23T13:59:59.912042063Z stdout F 2023-08-23T13:59:59.911Z INFO  1 --- [http-nio-18021-exec-3][tenantService] c.r.o.tenantservice.test.TestController : DB Test : TestTable(id=999, data=testData)
2023-08-23T13:59:59.917630997Z stdout F 2023-08-23T13:59:59.917Z INFO  1 --- [http-nio-18021-exec-3][tenantService] c.r.o.tenantservice.aop.FeignLogAspects : tenantService - jdk.proxy2.$Proxy143.chain - Start
2023-08-23T13:59:59.92718784Z stdout F 2023-08-23T13:59:59.926Z INFO  1 --- [http-nio-18021-exec-3][tenantService] c.r.o.tenantservice.aop.FeignLogAspects : tenantService- jdk.proxy2.$Proxy143.chain - Finish
2023-08-23T13:59:59.927535223Z stdout F 2023-08-23T13:59:59.927Z INFO  1 --- [http-nio-18021-exec-3][tenantService] c.r.o.tenantservice.aop.FeignLogAspects : tenantService - jdk.proxy2.$Proxy145.chain - Start
2023-08-23T13:59:59.945921645Z stdout F 2023-08-23T13:59:59.945Z INFO  1 --- [http-nio-18021-exec-3][tenantService] c.r.o.tenantservice.aop.FeignLogAspects : tenantService - jdk.proxy2.$Proxy145.chain - Finish
2023-08-23T13:59:59.948469445Z stdout F 2023-08-23T13:59:59.948Z INFO  1 --- [http-nio-18021-exec-3][tenantService] c.r.o.tenantservice.aop.FeignLogAspects : tenantService - jdk.proxy2.$Proxy147.chain - Start
2023-08-23T13:59:59.952733784Z stdout F 2023-08-23T13:59:59.952Z INFO  1 --- [http-nio-18021-exec-3][tenantService] c.r.o.tenantservice.aop.FeignLogAspects : tenantService - jdk.proxy2.$Proxy147.chain - Finish
2023-08-23T13:59:59.954213453Z stdout F 2023-08-23T13:59:59.953Z INFO  1 --- [http-nio-18021-exec-3][tenantService] c.r.o.tenantservice.aop.FeignLogAspects : tenantService - jdk.proxy2.$Proxy149.chain - Start
2023-08-23T13:59:59.96598332Z stdout F 2023-08-23T13:59:59.965Z INFO  1 --- [http-nio-18021-exec-3][tenantService] c.r.o.tenantservice.aop.FeignLogAspects : tenantService- jdk.proxy2.$Proxy149.chain - Finish
2023-08-23T13:59:59.966637911Z stdout F 2023-08-23T13:59:59.966Z INFO  1 --- [http-nio-18021-exec-3][tenantService] c.r.o.tenantservice.aop.FeignLogAspects : tenantService - jdk.proxy2.$Proxy151.chain - Start
2023-08-23T13:59:59.980689915Z stdout F 2023-08-23T13:59:59.980Z INFO  1 --- [http-nio-18021-exec-3][tenantService] c.r.o.tenantservice.aop.FeignLogAspects : tenantService - jdk.proxy2.$Proxy151.chain - Finish
2023-08-23T13:59:59.980818376Z stdout F 2023-08-23T13:59:59.980Z INFO  1 --- [http-nio-18021-exec-3][tenantService] c.r.o.tenantservice.aop.FeignLogAspects : tenantService - jdk.proxy2.$Proxy153.chain - Start
2023-08-23T13:59:59.992254453Z stdout F 2023-08-23T13:59:59.991Z INFO  1 --- [http-nio-18021-exec-3][tenantService] c.r.o.tenantservice.aop.FeignLogAspects : tenantService - jdk.proxy2.$Proxy153.chain - Finish
2023-08-23T13:59:59.996694423Z stdout F 2023-08-23T13:59:59.996Z INFO  1 --- [http-nio-18021-exec-3][tenantService] c.r.o.t.aop.RequestLogAspects : tenantService - TestController.start - Finish
2023-08-23T14:00:01.042317547Z stdout F 2023-08-23T14:00:01.042Z INFO  1 --- [http-nio-18021-exec-10][tenantService] c.r.o.t.aop.RequestLogAspects : tenantService - TestController.start - Start
2023-08-23T14:00:01.050443852Z stdout F Hibernate:
2023-08-23T14:00:01.05051592Z stdout F     select
2023-08-23T14:00:01.050526031Z stdout F         t1_0.id,
2023-08-23T14:00:01.050531666Z stdout F         t1_0.data
2023-08-23T14:00:01.050536422Z stdout F     from
2023-08-23T14:00:01.050540988Z stdout F         test_table t1_0
2023-08-23T14:00:01.050545774Z stdout F     where
2023-08-23T14:00:01.050550203Z stdout F         t1_0.id=?
2023-08-23T14:00:01.059552989Z stdout F 2023-08-23T14:00:01.058Z INFO  1 --- [http-nio-18021-exec-10][tenantService] c.r.o.tenantservice.test.TestController : DB Test : TestTable(id=999, data=testData)
2023-08-23T14:00:01.07451599Z stdout F 2023-08-23T14:00:01.068Z INFO  1 --- [http-nio-18021-exec-10][tenantService] c.r.o.tenantservice.aop.FeignLogAspects : tenantService - jdk.proxy2.$Proxy143.chain - Start
2023-08-23T14:00:01.091693164Z stdout F 2023-08-23T14:00:01.091Z INFO  1 --- [http-nio-18021-exec-10][tenantService] c.r.o.tenantservice.aop.FeignLogAspects : tenantService - jdk.proxy2.$Proxy143.chain - Finish
2023-08-23T14:00:01.09491995Z stdout F 2023-08-23T14:00:01.094Z INFO  1 --- [http-nio-18021-exec-10][tenantService] c.r.o.tenantservice.aop.FeignLogAspects : tenantService - jdk.proxy2.$Proxy145.chain - Start
2023-08-23T14:00:01.133811752Z stdout F 2023-08-23T14:00:01.133Z INFO  1 --- [http-nio-18021-exec-10][tenantService] c.r.o.tenantservice.aop.FeignLogAspects : tenantService - jdk.proxy2.$Proxy145.chain - Finish
2023-08-23T14:00:01.134991067Z stdout F 2023-08-23T14:00:01.133Z INFO  1 --- [http-nio-18021-exec-10][tenantService] c.r.o.tenantservice.aop.FeignLogAspects : tenantService - jdk.proxy2.$Proxy147.chain - Start
2023-08-23T14:00:01.139917055Z stdout F 2023-08-23T14:00:01.139Z INFO  1 --- [http-nio-18021-exec-10][tenantService] c.r.o.tenantservice.aop.FeignLogAspects : tenantService - jdk.proxy2.$Proxy147.chain - Finish
2023-08-23T14:00:01.140259091Z stdout F 2023-08-23T14:00:01.139Z INFO  1 --- [http-nio-18021-exec-10][tenantService] c.r.o.tenantservice.aop.FeignLogAspects : tenantService - jdk.proxy2.$Proxy149.chain - Start
2023-08-23T14:00:01.164284818Z stdout F 2023-08-23T14:00:01.162Z INFO  1 --- [http-nio-18021-exec-10][tenantService] c.r.o.tenantservice.aop.FeignLogAspects : tenantService - jdk.proxy2.$Proxy149.chain - Finish
2023-08-23T14:00:01.167379066Z stdout F 2023-08-23T14:00:01.162Z INFO  1 --- [http-nio-18021-exec-10][tenantService] c.r.o.tenantservice.aop.FeignLogAspects : tenantService - jdk.proxy2.$Proxy151.chain - Start
2023-08-23T14:00:01.177363528Z stdout F 2023-08-23T14:00:01.177Z INFO  1 --- [http-nio-18021-exec-10][tenantService] c.r.o.tenantservice.aop.FeignLogAspects : tenantService - jdk.proxy2.$Proxy151.chain - Finish
2023-08-23T14:00:01.178683421Z stdout F 2023-08-23T14:00:01.177Z INFO  1 --- [http-nio-18021-exec-10][tenantService] c.r.o.tenantservice.aop.FeignLogAspects : tenantService - jdk.proxy2.$Proxy153.chain - Start
2023-08-23T14:00:01.19349264Z stdout F 2023-08-23T14:00:01.191Z INFO  1 --- [http-nio-18021-exec-10][tenantService] c.r.o.tenantservice.aop.FeignLogAspects : tenantService - jdk.proxy2.$Proxy153.chain - Finish
2023-08-23T14:00:01.194274925Z stdout F 2023-08-23T14:00:01.191Z INFO  1 --- [http-nio-18021-exec-10][tenantService] c.r.o.t.aop.RequestLogAspects : tenantService - TestController.start - Finish
2023-08-23T14:00:11.210257909Z stdout F 2023-08-23T14:00:11.209Z INFO  1 --- [http-nio-18021-exec-4][tenantService] c.r.o.t.aop.RequestLogAspects : tenantService - TestController.chain - Start
2023-08-23T14:00:11.214387095Z stdout F Hibernate:
2023-08-23T14:00:11.214434649Z stdout F     select
2023-08-23T14:00:11.21444163Z stdout F         t1_0.id,
2023-08-23T14:00:11.214447137Z stdout F         t1_0.data
2023-08-23T14:00:11.214452084Z stdout F     from
2023-08-23T14:00:11.214456558Z stdout F         test_table t1_0
2023-08-23T14:00:11.21446185Z stdout F     where
2023-08-23T14:00:11.214466422Z stdout F         t1_0.id=?
2023-08-23T14:00:11.231036347Z stdout F 2023-08-23T14:00:11.230Z INFO  1 --- [http-nio-18021-exec-4][tenantService] c.r.o.t.aop.RequestLogAspects : tenantService - TestController.chain - Finish
2023-08-23T14:18:40.890817679Z stdout F 2023-08-23T14:18:40.890Z INFO  1 --- [http-nio-18021-exec-6][tenantService] c.r.o.t.aop.RequestLogAspects : tenantService - TestController.chain - Start
2023-08-23T14:18:40.895156233Z stdout F Hibernate:
2023-08-23T14:18:40.895182468Z stdout F     select
2023-08-23T14:18:40.89518747Z stdout F         t1_0.id,
2023-08-23T14:18:40.895192121Z stdout F         t1_0.data
2023-08-23T14:18:40.895195603Z stdout F     from
2023-08-23T14:18:40.895199049Z stdout F         test_table t1_0
2023-08-23T14:18:40.895202733Z stdout F     where
2023-08-23T14:18:40.895206435Z stdout F         t1_0.id=?
2023-08-23T14:18:40.91083565Z stdout F 2023-08-23T14:18:40.907Z INFO  1 --- [http-nio-18021-exec-6][tenantService] c.r.o.t.aop.RequestLogAspects : tenantService - TestController.chain - Finish
2023-08-23T14:19:24.621778881Z stdout F 2023-08-23T14:19:24.621Z INFO  1 --- [http-nio-18021-exec-7][tenantService] c.r.o.t.aop.RequestLogAspects : tenantService - TestController.chain - Start
2023-08-23T14:19:24.626064885Z stdout F Hibernate:
2023-08-23T14:19:24.626117184Z stdout F     select
2023-08-23T14:19:24.626124795Z stdout F         t1_0.id,
2023-08-23T14:19:24.626130285Z stdout F         t1_0.data
2023-08-23T14:19:24.626134528Z stdout F     from
2023-08-23T14:19:24.626138858Z stdout F         test_table t1_0
2023-08-23T14:19:24.626143393Z stdout F     where
2023-08-23T14:19:24.626147688Z stdout F         t1_0.id=?
2023-08-23T14:19:24.63105024Z stdout F 2023-08-23T14:19:24.630Z INFO  1 --- [http-nio-18021-exec-7][tenantService] c.r.o.t.aop.RequestLogAspects : tenantService - TestController.chain - Finish
2023-08-23T14:19:25.48909267Z stdout F 2023-08-23T14:19:25.488Z INFO  1 --- [http-nio-18021-exec-1][tenantService] c.r.o.t.aop.RequestLogAspects : tenantService - TestController.chain - Start
2023-08-23T14:19:25.492768139Z stdout F Hibernate:
2023-08-23T14:19:25.492792131Z stdout F     select
2023-08-23T14:19:25.49280598Z stdout F         t1_0.id,
2023-08-23T14:19:25.492810111Z stdout F         t1_0.data
2023-08-23T14:19:25.492813529Z stdout F     from
2023-08-23T14:19:25.492816894Z stdout F         test_table t1_0
2023-08-23T14:19:25.492820264Z stdout F     where
2023-08-23T14:19:25.492823748Z stdout F         t1_0.id=?
2023-08-23T14:19:25.49845887Z stdout F 2023-08-23T14:19:25.497Z INFO  1 --- [http-nio-18021-exec-1][tenantService] c.r.o.t.aop.RequestLogAspects : tenantService - TestController.chain - Finish
2023-08-23T14:19:26.072199974Z stdout F 2023-08-23T14:19:26.071Z INFO  1 --- [http-nio-18021-exec-3][tenantService] c.r.o.t.aop.RequestLogAspects : tenantService - TestController.chain - Start
2023-08-23T14:19:26.08190838Z stdout F Hibernate:
2023-08-23T14:19:26.081957462Z stdout F     select
2023-08-23T14:19:26.081962834Z stdout F         t1_0.id,
2023-08-23T14:19:26.081967201Z stdout F         t1_0.data
2023-08-23T14:19:26.081970834Z stdout F     from
2023-08-23T14:19:26.081974498Z stdout F         test_table t1_0
2023-08-23T14:19:26.081977983Z stdout F     where
2023-08-23T14:19:26.081981764Z stdout F         t1_0.id=?
2023-08-23T14:19:26.087438366Z stdout F 2023-08-23T14:19:26.087Z INFO  1 --- [http-nio-18021-exec-3][tenantService] c.r.o.t.aop.RequestLogAspects : tenantService - TestController.chain - Finish
2023-08-23T14:21:02.227174737Z stdout F 2023-08-23T14:21:02.226Z INFO  1 --- [http-nio-18021-exec-6][tenantService] c.r.o.t.aop.RequestLogAspects : tenantService - TestController.chain - Start
2023-08-23T14:21:02.233313778Z stdout F Hibernate:
2023-08-23T14:21:02.233352935Z stdout F     select
2023-08-23T14:21:02.233359505Z stdout F         t1_0.id,
2023-08-23T14:21:02.233364617Z stdout F         t1_0.data
2023-08-23T14:21:02.233369389Z stdout F     from
2023-08-23T14:21:02.233374403Z stdout F         test_table t1_0
2023-08-23T14:21:02.233378579Z stdout F     where
2023-08-23T14:21:02.233382721Z stdout F         t1_0.id=?
2023-08-23T14:21:02.243784105Z stdout F 2023-08-23T14:21:02.243Z INFO  1 --- [http-nio-18021-exec-6][tenantService] c.r.o.t.aop.RequestLogAspects : tenantService - TestController.chain - Finish
2023-08-23T14:21:02.686424922Z stdout F 2023-08-23T14:21:02.686Z INFO  1 --- [http-nio-18021-exec-9][tenantService] c.r.o.t.aop.RequestLogAspects : tenantService - TestController.chain - Start
2023-08-23T14:21:02.689074085Z stdout F Hibernate:
2023-08-23T14:21:02.689916454Z stdout F     select
2023-08-23T14:21:02.689958026Z stdout F         t1_0.id,
2023-08-23T14:21:02.689965895Z stdout F         t1_0.data
2023-08-23T14:21:02.689970906Z stdout F     from
2023-08-23T14:21:02.689975346Z stdout F         test_table t1_0
2023-08-23T14:21:02.689979947Z stdout F     where
2023-08-23T14:21:02.689984374Z stdout F         t1_0.id=?
2023-08-23T14:21:02.69792653Z stdout F 2023-08-23T14:21:02.697Z INFO  1 --- [http-nio-18021-exec-9][tenantService] c.r.o.t.aop.RequestLogAspects : tenantService - TestController.chain - Finish
2023-08-23T14:21:02.832248218Z stdout F 2023-08-23T14:21:02.831Z INFO  1 --- [http-nio-18021-exec-8][tenantService] c.r.o.t.aop.RequestLogAspects : tenantService - TestController.chain - Start
2023-08-23T14:21:02.836771621Z stdout F Hibernate:
2023-08-23T14:21:02.836823646Z stdout F     select
2023-08-23T14:21:02.836830923Z stdout F         t1_0.id,
2023-08-23T14:21:02.836836609Z stdout F         t1_0.data
2023-08-23T14:21:02.836841281Z stdout F     from
2023-08-23T14:21:02.836845861Z stdout F         test_table t1_0
2023-08-23T14:21:02.836850397Z stdout F     where
2023-08-23T14:21:02.836855073Z stdout F         t1_0.id=?
2023-08-23T14:21:02.840961682Z stdout F 2023-08-23T14:21:02.840Z INFO  1 --- [http-nio-18021-exec-8][tenantService] c.r.o.t.aop.RequestLogAspects : tenantService - TestController.chain - Finish
2023-08-23T14:21:15.5283571Z stdout F 2023-08-23T14:21:15.527Z INFO  1 --- [http-nio-18021-exec-8][tenantService] c.r.o.t.aop.RequestLogAspects : tenantService - TestController.chain - Start
2023-08-23T14:21:15.535005344Z stdout F Hibernate:
2023-08-23T14:21:15.535055693Z stdout F     select
2023-08-23T14:21:15.535062461Z stdout F         t1_0.id,
2023-08-23T14:21:15.535067533Z stdout F         t1_0.data
2023-08-23T14:21:15.535072289Z stdout F     from
2023-08-23T14:21:15.535076931Z stdout F         test_table t1_0
2023-08-23T14:21:15.53508131Z stdout F     where
2023-08-23T14:21:15.535086028Z stdout F         t1_0.id=?
2023-08-23T14:21:15.540908621Z stdout F 2023-08-23T14:21:15.540Z INFO  1 --- [http-nio-18021-exec-8][tenantService] c.r.o.t.aop.RequestLogAspects : tenantService - TestController.chain - Finish
2023-08-23T14:26:39.974565349Z stdout F 2023-08-23T14:26:39.974Z INFO  1 --- [http-nio-18021-exec-5][tenantService] c.r.o.t.aop.RequestLogAspects : tenantService - TestController.chain - Start
2023-08-23T14:26:39.979624035Z stdout F Hibernate:
2023-08-23T14:26:39.979661846Z stdout F     select
2023-08-23T14:26:39.979696579Z stdout F         t1_0.id,
2023-08-23T14:26:39.97970318Z stdout F         t1_0.data
2023-08-23T14:26:39.979708036Z stdout F     from
2023-08-23T14:26:39.979712343Z stdout F         test_table t1_0
2023-08-23T14:26:39.979716577Z stdout F     where
2023-08-23T14:26:39.979721227Z stdout F         t1_0.id=?
2023-08-23T14:26:39.985447296Z stdout F 2023-08-23T14:26:39.985Z INFO  1 --- [http-nio-18021-exec-5][tenantService] c.r.o.t.aop.RequestLogAspects : tenantService - TestController.chain - Finish
2023-08-24T01:09:11.469223265Z stdout F 2023-08-24T01:09:11.468Z INFO  1 --- [http-nio-18021-exec-6][tenantService] c.r.o.t.aop.RequestLogAspects : tenantService - TestController.chain - Start
2023-08-24T01:09:11.473041469Z stdout F Hibernate:
2023-08-24T01:09:11.473063044Z stdout F     select
2023-08-24T01:09:11.473067235Z stdout F         t1_0.id,
2023-08-24T01:09:11.473070614Z stdout F         t1_0.data
2023-08-24T01:09:11.473090744Z stdout F     from
2023-08-24T01:09:11.473094251Z stdout F         test_table t1_0
2023-08-24T01:09:11.473097577Z stdout F     where
2023-08-24T01:09:11.473100943Z stdout F         t1_0.id=?
2023-08-24T01:09:11.478380863Z stdout F 2023-08-24T01:09:11.478Z INFO  1 --- [http-nio-18021-exec-6][tenantService] c.r.o.t.aop.RequestLogAspects : tenantService - TestController.chain - Finish
2023-08-24T01:10:04.898875949Z stdout F 2023-08-24T01:10:04.898Z INFO  1 --- [http-nio-18021-exec-4][tenantService] c.r.o.t.aop.RequestLogAspects : tenantService - TestController.chain - Start
2023-08-24T01:10:04.905792243Z stdout F Hibernate:
2023-08-24T01:10:04.905860306Z stdout F     select
2023-08-24T01:10:04.905865749Z stdout F         t1_0.id,
2023-08-24T01:10:04.905868815Z stdout F         t1_0.data
2023-08-24T01:10:04.905871284Z stdout F     from
2023-08-24T01:10:04.905873779Z stdout F         test_table t1_0
2023-08-24T01:10:04.905876148Z stdout F     where
2023-08-24T01:10:04.90587876Z stdout F         t1_0.id=?
2023-08-24T01:10:04.910608895Z stdout F 2023-08-24T01:10:04.910Z INFO  1 --- [http-nio-18021-exec-4][tenantService] c.r.o.t.aop.RequestLogAspects : tenantService - TestController.chain - Finish